# JRE version: OpenJDK Runtime Environment (8.0_212-b04) (build 1.8.0_212-release-1586-b04)
# Java VM: OpenJDK 64-Bit Server VM (25.212-b04 mixed mode windows-amd64 compressed oops)
Heap:
 PSYoungGen      total 197632K, used 3775K [0x00000000e0000000, 0x00000000ecf80000, 0x0000000100000000)
  eden space 185856K, 2% used [0x00000000e0000000,0x00000000e03afdc8,0x00000000eb580000)
  from space 11776K, 0% used [0x00000000ec280000,0x00000000ec280000,0x00000000ece00000)
  to   space 13312K, 0% used [0x00000000eb580000,0x00000000eb580000,0x00000000ec280000)
 ParOldGen       total 46080K, used 17802K [0x00000000a0000000, 0x00000000a2d00000, 0x00000000e0000000)
  object space 46080K, 38% used [0x00000000a0000000,0x00000000a1162818,0x00000000a2d00000)
 Metaspace       used 34763K, capacity 35594K, committed 35712K, reserved 1079296K
  class space    used 4780K, capacity 4980K, committed 4992K, reserved 1048576K
GC Heap History (10 events):
Event: 4.878 GC heap before
{Heap before GC invocations=8 (full 0):
 PSYoungGen      total 69632K, used 12598K [0x00000000e0000000, 0x00000000e8d00000, 0x0000000100000000)
  eden space 62464K, 8% used [0x00000000e0000000,0x00000000e054e420,0x00000000e3d00000)
  from space 7168K, 99% used [0x00000000e3d00000,0x00000000e43ff728,0x00000000e4400000)
  to   space 9728K, 0% used [0x00000000e8380000,0x00000000e8380000,0x00000000e8d00000)
 ParOldGen       total 42496K, used 7533K [0x00000000a0000000, 0x00000000a2980000, 0x00000000e0000000)
  object space 42496K, 17% used [0x00000000a0000000,0x00000000a075b4f8,0x00000000a2980000)
 Metaspace       used 20721K, capacity 21096K, committed 21296K, reserved 1067008K
  class space    used 2954K, capacity 3102K, committed 3200K, reserved 1048576K
Event: 4.884 GC heap after
Heap after GC invocations=8 (full 0):
 PSYoungGen      total 133632K, used 5080K [0x00000000e0000000, 0x00000000e8c00000, 0x0000000100000000)
  eden space 124928K, 0% used [0x00000000e0000000,0x00000000e0000000,0x00000000e7a00000)
  from space 8704K, 58% used [0x00000000e8380000,0x00000000e8876360,0x00000000e8c00000)
  to   space 9216K, 0% used [0x00000000e7a00000,0x00000000e7a00000,0x00000000e8300000)
 ParOldGen       total 42496K, used 7933K [0x00000000a0000000, 0x00000000a2980000, 0x00000000e0000000)
  object space 42496K, 18% used [0x00000000a0000000,0x00000000a07bf4f8,0x00000000a2980000)
 Metaspace       used 20721K, capacity 21096K, committed 21296K, reserved 1067008K
  class space    used 2954K, capacity 3102K, committed 3200K, reserved 1048576K
}
Event: 4.884 GC heap before
{Heap before GC invocations=9 (full 1):
 PSYoungGen      total 133632K, used 5080K [0x00000000e0000000, 0x00000000e8c00000, 0x0000000100000000)
  eden space 124928K, 0% used [0x00000000e0000000,0x00000000e0000000,0x00000000e7a00000)
  from space 8704K, 58% used [0x00000000e8380000,0x00000000e8876360,0x00000000e8c00000)
  to   space 9216K, 0% used [0x00000000e7a00000,0x00000000e7a00000,0x00000000e8300000)
 ParOldGen       total 42496K, used 7933K [0x00000000a0000000, 0x00000000a2980000, 0x00000000e0000000)
  object space 42496K, 18% used [0x00000000a0000000,0x00000000a07bf4f8,0x00000000a2980000)
 Metaspace       used 20721K, capacity 21096K, committed 21296K, reserved 1067008K
  class space    used 2954K, capacity 3102K, committed 3200K, reserved 1048576K
Event: 4.926 GC heap after
Heap after GC invocations=9 (full 1):
 PSYoungGen      total 133632K, used 0K [0x00000000e0000000, 0x00000000e8c00000, 0x0000000100000000)
  eden space 124928K, 0% used [0x00000000e0000000,0x00000000e0000000,0x00000000e7a00000)
  from space 8704K, 0% used [0x00000000e8380000,0x00000000e8380000,0x00000000e8c00000)
  to   space 9216K, 0% used [0x00000000e7a00000,0x00000000e7a00000,0x00000000e8300000)
 ParOldGen       total 30208K, used 7931K [0x00000000a0000000, 0x00000000a1d80000, 0x00000000e0000000)
  object space 30208K, 26% used [0x00000000a0000000,0x00000000a07beee8,0x00000000a1d80000)
 Metaspace       used 20721K, capacity 21096K, committed 21296K, reserved 1067008K
  class space    used 2954K, capacity 3102K, committed 3200K, reserved 1048576K
}
Event: 6.582 GC heap before
{Heap before GC invocations=10 (full 1):
 PSYoungGen      total 133632K, used 124928K [0x00000000e0000000, 0x00000000e8c00000, 0x0000000100000000)
  eden space 124928K, 100% used [0x00000000e0000000,0x00000000e7a00000,0x00000000e7a00000)
  from space 8704K, 0% used [0x00000000e8380000,0x00000000e8380000,0x00000000e8c00000)
  to   space 9216K, 0% used [0x00000000e7a00000,0x00000000e7a00000,0x00000000e8300000)
 ParOldGen       total 30208K, used 7931K [0x00000000a0000000, 0x00000000a1d80000, 0x00000000e0000000)
  object space 30208K, 26% used [0x00000000a0000000,0x00000000a07beee8,0x00000000a1d80000)
 Metaspace       used 31404K, capacity 31842K, committed 32128K, reserved 1077248K
  class space    used 4297K, capacity 4436K, committed 4480K, reserved 1048576K
Event: 6.597 GC heap after
Heap after GC invocations=10 (full 1):
 PSYoungGen      total 134144K, used 9206K [0x00000000e0000000, 0x00000000ece00000, 0x0000000100000000)
  eden space 124928K, 0% used [0x00000000e0000000,0x00000000e0000000,0x00000000e7a00000)
  from space 9216K, 99% used [0x00000000e7a00000,0x00000000e82fd870,0x00000000e8300000)
  to   space 11776K, 0% used [0x00000000ec280000,0x00000000ec280000,0x00000000ece00000)
 ParOldGen       total 30208K, used 10624K [0x00000000a0000000, 0x00000000a1d80000, 0x00000000e0000000)
  object space 30208K, 35% used [0x00000000a0000000,0x00000000a0a60288,0x00000000a1d80000)
 Metaspace       used 31404K, capacity 31842K, committed 32128K, reserved 1077248K
  class space    used 4297K, capacity 4436K, committed 4480K, reserved 1048576K
}
Event: 13.460 GC heap before
{Heap before GC invocations=11 (full 1):
 PSYoungGen      total 134144K, used 81453K [0x00000000e0000000, 0x00000000ece00000, 0x0000000100000000)
  eden space 124928K, 57% used [0x00000000e0000000,0x00000000e468dcc8,0x00000000e7a00000)
  from space 9216K, 99% used [0x00000000e7a00000,0x00000000e82fd870,0x00000000e8300000)
  to   space 11776K, 0% used [0x00000000ec280000,0x00000000ec280000,0x00000000ece00000)
 ParOldGen       total 30208K, used 10624K [0x00000000a0000000, 0x00000000a1d80000, 0x00000000e0000000)
  object space 30208K, 35% used [0x00000000a0000000,0x00000000a0a60288,0x00000000a1d80000)
 Metaspace       used 34731K, capacity 35410K, committed 35496K, reserved 1079296K
  class space    used 4770K, capacity 4944K, committed 4992K, reserved 1048576K
Event: 13.620 GC heap after
Heap after GC invocations=11 (full 1):
 PSYoungGen      total 197632K, used 10887K [0x00000000e0000000, 0x00000000ecf80000, 0x0000000100000000)
  eden space 185856K, 0% used [0x00000000e0000000,0x00000000e0000000,0x00000000eb580000)
  from space 11776K, 92% used [0x00000000ec280000,0x00000000ecd21d38,0x00000000ece00000)
  to   space 13312K, 0% used [0x00000000eb580000,0x00000000eb580000,0x00000000ec280000)
 ParOldGen       total 30208K, used 10624K [0x00000000a0000000, 0x00000000a1d80000, 0x00000000e0000000)
  object space 30208K, 35% used [0x00000000a0000000,0x00000000a0a60288,0x00000000a1d80000)
 Metaspace       used 34731K, capacity 35410K, committed 35496K, reserved 1079296K
  class space    used 4770K, capacity 4944K, committed 4992K, reserved 1048576K
}
Event: 13.620 GC heap before
{Heap before GC invocations=12 (full 2):
 PSYoungGen      total 197632K, used 10887K [0x00000000e0000000, 0x00000000ecf80000, 0x0000000100000000)
  eden space 185856K, 0% used [0x00000000e0000000,0x00000000e0000000,0x00000000eb580000)
  from space 11776K, 92% used [0x00000000ec280000,0x00000000ecd21d38,0x00000000ece00000)
  to   space 13312K, 0% used [0x00000000eb580000,0x00000000eb580000,0x00000000ec280000)
 ParOldGen       total 30208K, used 10624K [0x00000000a0000000, 0x00000000a1d80000, 0x00000000e0000000)
  object space 30208K, 35% used [0x00000000a0000000,0x00000000a0a60288,0x00000000a1d80000)
 Metaspace       used 34731K, capacity 35410K, committed 35496K, reserved 1079296K
  class space    used 4770K, capacity 4944K, committed 4992K, reserved 1048576K
Event: 13.794 GC heap after
Heap after GC invocations=12 (full 2):
 PSYoungGen      total 197632K, used 0K [0x00000000e0000000, 0x00000000ecf80000, 0x0000000100000000)
  eden space 185856K, 0% used [0x00000000e0000000,0x00000000e0000000,0x00000000eb580000)
  from space 11776K, 0% used [0x00000000ec280000,0x00000000ec280000,0x00000000ece00000)
  to   space 13312K, 0% used [0x00000000eb580000,0x00000000eb580000,0x00000000ec280000)
 ParOldGen       total 46080K, used 17802K [0x00000000a0000000, 0x00000000a2d00000, 0x00000000e0000000)
  object space 46080K, 38% used [0x00000000a0000000,0x00000000a1162818,0x00000000a2d00000)
 Metaspace       used 34731K, capacity 35410K, committed 35496K, reserved 1079296K
  class space    used 4770K, capacity 4944K, committed 4992K, reserved 1048576K
}

