# JRE version: OpenJDK Runtime Environment (8.0_212-b04) (build 1.8.0_212-release-1586-b04)
# Java VM: OpenJDK 64-Bit Server VM (25.212-b04 mixed mode windows-amd64 compressed oops)
Heap:
 PSYoungGen      total 202240K, used 137830K [0x00000000e0000000, 0x00000000ed700000, 0x0000000100000000)
  eden space 192512K, 71% used [0x00000000e0000000,0x00000000e8699bd8,0x00000000ebc00000)
  from space 9728K, 0% used [0x00000000ecd80000,0x00000000ecd80000,0x00000000ed700000)
  to   space 13824K, 0% used [0x00000000ebc00000,0x00000000ebc00000,0x00000000ec980000)
 ParOldGen       total 55808K, used 14703K [0x00000000a0000000, 0x00000000a3680000, 0x00000000e0000000)
  object space 55808K, 26% used [0x00000000a0000000,0x00000000a0e5bf70,0x00000000a3680000)
 Metaspace       used 43811K, capacity 44944K, committed 45184K, reserved 1087488K
  class space    used 5856K, capacity 6179K, committed 6272K, reserved 1048576K
GC Heap History (10 events):
Event: 8.745 GC heap before
{Heap before GC invocations=6 (full 0):
 PSYoungGen      total 66048K, used 46959K [0x00000000e0000000, 0x00000000e8f00000, 0x0000000100000000)
  eden space 63488K, 69% used [0x00000000e0000000,0x00000000e2b5fd40,0x00000000e3e00000)
  from space 2560K, 99% used [0x00000000e3e00000,0x00000000e407c030,0x00000000e4080000)
  to   space 9728K, 0% used [0x00000000e8580000,0x00000000e8580000,0x00000000e8f00000)
 ParOldGen       total 42496K, used 11334K [0x00000000a0000000, 0x00000000a2980000, 0x00000000e0000000)
  object space 42496K, 26% used [0x00000000a0000000,0x00000000a0b119e8,0x00000000a2980000)
 Metaspace       used 20793K, capacity 21238K, committed 21296K, reserved 1067008K
  class space    used 3011K, capacity 3168K, committed 3200K, reserved 1048576K
Event: 8.787 GC heap after
Heap after GC invocations=6 (full 0):
 PSYoungGen      total 136192K, used 7723K [0x00000000e0000000, 0x00000000e9000000, 0x0000000100000000)
  eden space 126464K, 0% used [0x00000000e0000000,0x00000000e0000000,0x00000000e7b80000)
  from space 9728K, 79% used [0x00000000e8580000,0x00000000e8d0afb0,0x00000000e8f00000)
  to   space 10240K, 0% used [0x00000000e7b80000,0x00000000e7b80000,0x00000000e8580000)
 ParOldGen       total 42496K, used 11334K [0x00000000a0000000, 0x00000000a2980000, 0x00000000e0000000)
  object space 42496K, 26% used [0x00000000a0000000,0x00000000a0b119e8,0x00000000a2980000)
 Metaspace       used 20793K, capacity 21238K, committed 21296K, reserved 1067008K
  class space    used 3011K, capacity 3168K, committed 3200K, reserved 1048576K
}
Event: 8.787 GC heap before
{Heap before GC invocations=7 (full 1):
 PSYoungGen      total 136192K, used 7723K [0x00000000e0000000, 0x00000000e9000000, 0x0000000100000000)
  eden space 126464K, 0% used [0x00000000e0000000,0x00000000e0000000,0x00000000e7b80000)
  from space 9728K, 79% used [0x00000000e8580000,0x00000000e8d0afb0,0x00000000e8f00000)
  to   space 10240K, 0% used [0x00000000e7b80000,0x00000000e7b80000,0x00000000e8580000)
 ParOldGen       total 42496K, used 11334K [0x00000000a0000000, 0x00000000a2980000, 0x00000000e0000000)
  object space 42496K, 26% used [0x00000000a0000000,0x00000000a0b119e8,0x00000000a2980000)
 Metaspace       used 20793K, capacity 21238K, committed 21296K, reserved 1067008K
  class space    used 3011K, capacity 3168K, committed 3200K, reserved 1048576K
Event: 8.939 GC heap after
Heap after GC invocations=7 (full 1):
 PSYoungGen      total 136192K, used 0K [0x00000000e0000000, 0x00000000e9000000, 0x0000000100000000)
  eden space 126464K, 0% used [0x00000000e0000000,0x00000000e0000000,0x00000000e7b80000)
  from space 9728K, 0% used [0x00000000e8580000,0x00000000e8580000,0x00000000e8f00000)
  to   space 10240K, 0% used [0x00000000e7b80000,0x00000000e7b80000,0x00000000e8580000)
 ParOldGen       total 46080K, used 17136K [0x00000000a0000000, 0x00000000a2d00000, 0x00000000e0000000)
  object space 46080K, 37% used [0x00000000a0000000,0x00000000a10bc028,0x00000000a2d00000)
 Metaspace       used 20793K, capacity 21238K, committed 21296K, reserved 1067008K
  class space    used 3011K, capacity 3168K, committed 3200K, reserved 1048576K
}
Event: 11.528 GC heap before
{Heap before GC invocations=8 (full 1):
 PSYoungGen      total 136192K, used 126464K [0x00000000e0000000, 0x00000000e9000000, 0x0000000100000000)
  eden space 126464K, 100% used [0x00000000e0000000,0x00000000e7b80000,0x00000000e7b80000)
  from space 9728K, 0% used [0x00000000e8580000,0x00000000e8580000,0x00000000e8f00000)
  to   space 10240K, 0% used [0x00000000e7b80000,0x00000000e7b80000,0x00000000e8580000)
 ParOldGen       total 46080K, used 17136K [0x00000000a0000000, 0x00000000a2d00000, 0x00000000e0000000)
  object space 46080K, 37% used [0x00000000a0000000,0x00000000a10bc028,0x00000000a2d00000)
 Metaspace       used 33074K, capacity 33724K, committed 33920K, reserved 1079296K
  class space    used 4472K, capacity 4692K, committed 4736K, reserved 1048576K
Event: 11.551 GC heap after
Heap after GC invocations=8 (full 1):
 PSYoungGen      total 136704K, used 10225K [0x00000000e0000000, 0x00000000edb00000, 0x0000000100000000)
  eden space 126464K, 0% used [0x00000000e0000000,0x00000000e0000000,0x00000000e7b80000)
  from space 10240K, 99% used [0x00000000e7b80000,0x00000000e857c768,0x00000000e8580000)
  to   space 13824K, 0% used [0x00000000ecd80000,0x00000000ecd80000,0x00000000edb00000)
 ParOldGen       total 46080K, used 20717K [0x00000000a0000000, 0x00000000a2d00000, 0x00000000e0000000)
  object space 46080K, 44% used [0x00000000a0000000,0x00000000a143b620,0x00000000a2d00000)
 Metaspace       used 33074K, capacity 33724K, committed 33920K, reserved 1079296K
  class space    used 4472K, capacity 4692K, committed 4736K, reserved 1048576K
}
Event: 12.609 GC heap before
{Heap before GC invocations=9 (full 1):
 PSYoungGen      total 136704K, used 35717K [0x00000000e0000000, 0x00000000edb00000, 0x0000000100000000)
  eden space 126464K, 20% used [0x00000000e0000000,0x00000000e18e4f30,0x00000000e7b80000)
  from space 10240K, 99% used [0x00000000e7b80000,0x00000000e857c768,0x00000000e8580000)
  to   space 13824K, 0% used [0x00000000ecd80000,0x00000000ecd80000,0x00000000edb00000)
 ParOldGen       total 46080K, used 20717K [0x00000000a0000000, 0x00000000a2d00000, 0x00000000e0000000)
  object space 46080K, 44% used [0x00000000a0000000,0x00000000a143b620,0x00000000a2d00000)
 Metaspace       used 34613K, capacity 35436K, committed 35496K, reserved 1079296K
  class space    used 4579K, capacity 4811K, committed 4864K, reserved 1048576K
Event: 12.621 GC heap after
Heap after GC invocations=9 (full 1):
 PSYoungGen      total 202240K, used 7537K [0x00000000e0000000, 0x00000000ed700000, 0x0000000100000000)
  eden space 192512K, 0% used [0x00000000e0000000,0x00000000e0000000,0x00000000ebc00000)
  from space 9728K, 77% used [0x00000000ecd80000,0x00000000ed4dc6f0,0x00000000ed700000)
  to   space 13824K, 0% used [0x00000000ebc00000,0x00000000ebc00000,0x00000000ec980000)
 ParOldGen       total 46080K, used 20725K [0x00000000a0000000, 0x00000000a2d00000, 0x00000000e0000000)
  object space 46080K, 44% used [0x00000000a0000000,0x00000000a143d620,0x00000000a2d00000)
 Metaspace       used 34613K, capacity 35436K, committed 35496K, reserved 1079296K
  class space    used 4579K, capacity 4811K, committed 4864K, reserved 1048576K
}
Event: 12.621 GC heap before
{Heap before GC invocations=10 (full 2):
 PSYoungGen      total 202240K, used 7537K [0x00000000e0000000, 0x00000000ed700000, 0x0000000100000000)
  eden space 192512K, 0% used [0x00000000e0000000,0x00000000e0000000,0x00000000ebc00000)
  from space 9728K, 77% used [0x00000000ecd80000,0x00000000ed4dc6f0,0x00000000ed700000)
  to   space 13824K, 0% used [0x00000000ebc00000,0x00000000ebc00000,0x00000000ec980000)
 ParOldGen       total 46080K, used 20725K [0x00000000a0000000, 0x00000000a2d00000, 0x00000000e0000000)
  object space 46080K, 44% used [0x00000000a0000000,0x00000000a143d620,0x00000000a2d00000)
 Metaspace       used 34613K, capacity 35436K, committed 35496K, reserved 1079296K
  class space    used 4579K, capacity 4811K, committed 4864K, reserved 1048576K
Event: 12.704 GC heap after
Heap after GC invocations=10 (full 2):
 PSYoungGen      total 202240K, used 0K [0x00000000e0000000, 0x00000000ed700000, 0x0000000100000000)
  eden space 192512K, 0% used [0x00000000e0000000,0x00000000e0000000,0x00000000ebc00000)
  from space 9728K, 0% used [0x00000000ecd80000,0x00000000ecd80000,0x00000000ed700000)
  to   space 13824K, 0% used [0x00000000ebc00000,0x00000000ebc00000,0x00000000ec980000)
 ParOldGen       total 55808K, used 14703K [0x00000000a0000000, 0x00000000a3680000, 0x00000000e0000000)
  object space 55808K, 26% used [0x00000000a0000000,0x00000000a0e5bf70,0x00000000a3680000)
 Metaspace       used 34567K, capacity 35332K, committed 35496K, reserved 1079296K
  class space    used 4567K, capacity 4799K, committed 4864K, reserved 1048576K
}

