# JRE version: OpenJDK Runtime Environment (8.0_212-b04) (build 1.8.0_212-release-1586-b04)
# Java VM: OpenJDK 64-Bit Server VM (25.212-b04 mixed mode windows-amd64 compressed oops)
Heap:
 PSYoungGen      total 134656K, used 20119K [0x00000000e0000000, 0x00000000ec200000, 0x0000000100000000)
  eden space 124928K, 8% used [0x00000000e0000000,0x00000000e0a27a40,0x00000000e7a00000)
  from space 9728K, 99% used [0x00000000e7a00000,0x00000000e837e4a8,0x00000000e8380000)
  to   space 12288K, 0% used [0x00000000eb600000,0x00000000eb600000,0x00000000ec200000)
 ParOldGen       total 33280K, used 11097K [0x00000000a0000000, 0x00000000a2080000, 0x00000000e0000000)
  object space 33280K, 33% used [0x00000000a0000000,0x00000000a0ad65c0,0x00000000a2080000)
 Metaspace       used 32253K, capacity 33020K, committed 33280K, reserved 1077248K
  class space    used 4362K, capacity 4586K, committed 4608K, reserved 1048576K
GC Heap History (10 events):
Event: 3.335 GC heap before
{Heap before GC invocations=6 (full 0):
 PSYoungGen      total 34304K, used 34304K [0x00000000e0000000, 0x00000000e4a00000, 0x0000000100000000)
  eden space 31744K, 100% used [0x00000000e0000000,0x00000000e1f00000,0x00000000e1f00000)
  from space 2560K, 100% used [0x00000000e1f00000,0x00000000e2180000,0x00000000e2180000)
  to   space 6144K, 0% used [0x00000000e4400000,0x00000000e4400000,0x00000000e4a00000)
 ParOldGen       total 42496K, used 4787K [0x00000000a0000000, 0x00000000a2980000, 0x00000000e0000000)
  object space 42496K, 11% used [0x00000000a0000000,0x00000000a04acc78,0x00000000a2980000)
 Metaspace       used 14460K, capacity 14810K, committed 14976K, reserved 1062912K
  class space    used 2001K, capacity 2127K, committed 2176K, reserved 1048576K
Event: 3.349 GC heap after
Heap after GC invocations=6 (full 0):
 PSYoungGen      total 68608K, used 5958K [0x00000000e0000000, 0x00000000e4c00000, 0x0000000100000000)
  eden space 62464K, 0% used [0x00000000e0000000,0x00000000e0000000,0x00000000e3d00000)
  from space 6144K, 96% used [0x00000000e4400000,0x00000000e49d1a38,0x00000000e4a00000)
  to   space 7168K, 0% used [0x00000000e3d00000,0x00000000e3d00000,0x00000000e4400000)
 ParOldGen       total 42496K, used 4787K [0x00000000a0000000, 0x00000000a2980000, 0x00000000e0000000)
  object space 42496K, 11% used [0x00000000a0000000,0x00000000a04acc78,0x00000000a2980000)
 Metaspace       used 14460K, capacity 14810K, committed 14976K, reserved 1062912K
  class space    used 2001K, capacity 2127K, committed 2176K, reserved 1048576K
}
Event: 5.330 GC heap before
{Heap before GC invocations=7 (full 0):
 PSYoungGen      total 68608K, used 68422K [0x00000000e0000000, 0x00000000e4c00000, 0x0000000100000000)
  eden space 62464K, 100% used [0x00000000e0000000,0x00000000e3d00000,0x00000000e3d00000)
  from space 6144K, 96% used [0x00000000e4400000,0x00000000e49d1a38,0x00000000e4a00000)
  to   space 7168K, 0% used [0x00000000e3d00000,0x00000000e3d00000,0x00000000e4400000)
 ParOldGen       total 42496K, used 4787K [0x00000000a0000000, 0x00000000a2980000, 0x00000000e0000000)
  object space 42496K, 11% used [0x00000000a0000000,0x00000000a04acc78,0x00000000a2980000)
 Metaspace       used 19444K, capacity 19994K, committed 20224K, reserved 1067008K
  class space    used 2808K, capacity 2971K, committed 3072K, reserved 1048576K
Event: 5.351 GC heap after
Heap after GC invocations=7 (full 0):
 PSYoungGen      total 69632K, used 7161K [0x00000000e0000000, 0x00000000e8d00000, 0x0000000100000000)
  eden space 62464K, 0% used [0x00000000e0000000,0x00000000e0000000,0x00000000e3d00000)
  from space 7168K, 99% used [0x00000000e3d00000,0x00000000e43fe600,0x00000000e4400000)
  to   space 9728K, 0% used [0x00000000e8380000,0x00000000e8380000,0x00000000e8d00000)
 ParOldGen       total 42496K, used 7666K [0x00000000a0000000, 0x00000000a2980000, 0x00000000e0000000)
  object space 42496K, 18% used [0x00000000a0000000,0x00000000a077c910,0x00000000a2980000)
 Metaspace       used 19444K, capacity 19994K, committed 20224K, reserved 1067008K
  class space    used 2808K, capacity 2971K, committed 3072K, reserved 1048576K
}
Event: 5.784 GC heap before
{Heap before GC invocations=8 (full 0):
 PSYoungGen      total 69632K, used 18275K [0x00000000e0000000, 0x00000000e8d00000, 0x0000000100000000)
  eden space 62464K, 17% used [0x00000000e0000000,0x00000000e0ada730,0x00000000e3d00000)
  from space 7168K, 99% used [0x00000000e3d00000,0x00000000e43fe600,0x00000000e4400000)
  to   space 9728K, 0% used [0x00000000e8380000,0x00000000e8380000,0x00000000e8d00000)
 ParOldGen       total 42496K, used 7666K [0x00000000a0000000, 0x00000000a2980000, 0x00000000e0000000)
  object space 42496K, 18% used [0x00000000a0000000,0x00000000a077c910,0x00000000a2980000)
 Metaspace       used 20728K, capacity 21198K, committed 21296K, reserved 1067008K
  class space    used 2990K, capacity 3136K, committed 3200K, reserved 1048576K
Event: 5.802 GC heap after
Heap after GC invocations=8 (full 0):
 PSYoungGen      total 134656K, used 5592K [0x00000000e0000000, 0x00000000e8d00000, 0x0000000100000000)
  eden space 124928K, 0% used [0x00000000e0000000,0x00000000e0000000,0x00000000e7a00000)
  from space 9728K, 57% used [0x00000000e8380000,0x00000000e88f6230,0x00000000e8d00000)
  to   space 9728K, 0% used [0x00000000e7a00000,0x00000000e7a00000,0x00000000e8380000)
 ParOldGen       total 42496K, used 8362K [0x00000000a0000000, 0x00000000a2980000, 0x00000000e0000000)
  object space 42496K, 19% used [0x00000000a0000000,0x00000000a082a910,0x00000000a2980000)
 Metaspace       used 20728K, capacity 21198K, committed 21296K, reserved 1067008K
  class space    used 2990K, capacity 3136K, committed 3200K, reserved 1048576K
}
Event: 5.803 GC heap before
{Heap before GC invocations=9 (full 1):
 PSYoungGen      total 134656K, used 5592K [0x00000000e0000000, 0x00000000e8d00000, 0x0000000100000000)
  eden space 124928K, 0% used [0x00000000e0000000,0x00000000e0000000,0x00000000e7a00000)
  from space 9728K, 57% used [0x00000000e8380000,0x00000000e88f6230,0x00000000e8d00000)
  to   space 9728K, 0% used [0x00000000e7a00000,0x00000000e7a00000,0x00000000e8380000)
 ParOldGen       total 42496K, used 8362K [0x00000000a0000000, 0x00000000a2980000, 0x00000000e0000000)
  object space 42496K, 19% used [0x00000000a0000000,0x00000000a082a910,0x00000000a2980000)
 Metaspace       used 20728K, capacity 21198K, committed 21296K, reserved 1067008K
  class space    used 2990K, capacity 3136K, committed 3200K, reserved 1048576K
Event: 5.908 GC heap after
Heap after GC invocations=9 (full 1):
 PSYoungGen      total 134656K, used 0K [0x00000000e0000000, 0x00000000e8d00000, 0x0000000100000000)
  eden space 124928K, 0% used [0x00000000e0000000,0x00000000e0000000,0x00000000e7a00000)
  from space 9728K, 0% used [0x00000000e8380000,0x00000000e8380000,0x00000000e8d00000)
  to   space 9728K, 0% used [0x00000000e7a00000,0x00000000e7a00000,0x00000000e8380000)
 ParOldGen       total 33280K, used 8495K [0x00000000a0000000, 0x00000000a2080000, 0x00000000e0000000)
  object space 33280K, 25% used [0x00000000a0000000,0x00000000a084bd80,0x00000000a2080000)
 Metaspace       used 20728K, capacity 21198K, committed 21296K, reserved 1067008K
  class space    used 2990K, capacity 3136K, committed 3200K, reserved 1048576K
}
Event: 8.895 GC heap before
{Heap before GC invocations=10 (full 1):
 PSYoungGen      total 134656K, used 124928K [0x00000000e0000000, 0x00000000e8d00000, 0x0000000100000000)
  eden space 124928K, 100% used [0x00000000e0000000,0x00000000e7a00000,0x00000000e7a00000)
  from space 9728K, 0% used [0x00000000e8380000,0x00000000e8380000,0x00000000e8d00000)
  to   space 9728K, 0% used [0x00000000e7a00000,0x00000000e7a00000,0x00000000e8380000)
 ParOldGen       total 33280K, used 8495K [0x00000000a0000000, 0x00000000a2080000, 0x00000000e0000000)
  object space 33280K, 25% used [0x00000000a0000000,0x00000000a084bd80,0x00000000a2080000)
 Metaspace       used 31886K, capacity 32636K, committed 32768K, reserved 1077248K
  class space    used 4309K, capacity 4545K, committed 4608K, reserved 1048576K
Event: 8.919 GC heap after
Heap after GC invocations=10 (full 1):
 PSYoungGen      total 134656K, used 9721K [0x00000000e0000000, 0x00000000ec200000, 0x0000000100000000)
  eden space 124928K, 0% used [0x00000000e0000000,0x00000000e0000000,0x00000000e7a00000)
  from space 9728K, 99% used [0x00000000e7a00000,0x00000000e837e4a8,0x00000000e8380000)
  to   space 12288K, 0% used [0x00000000eb600000,0x00000000eb600000,0x00000000ec200000)
 ParOldGen       total 33280K, used 11097K [0x00000000a0000000, 0x00000000a2080000, 0x00000000e0000000)
  object space 33280K, 33% used [0x00000000a0000000,0x00000000a0ad65c0,0x00000000a2080000)
 Metaspace       used 31886K, capacity 32636K, committed 32768K, reserved 1077248K
  class space    used 4309K, capacity 4545K, committed 4608K, reserved 1048576K
}

