# JRE version: OpenJDK Runtime Environment (8.0_212-b04) (build 1.8.0_212-release-1586-b04)
# Java VM: OpenJDK 64-Bit Server VM (25.212-b04 mixed mode windows-amd64 compressed oops)
Heap:
 PSYoungGen      total 194560K, used 63349K [0x00000000e0000000, 0x00000000f1680000, 0x0000000100000000)
  eden space 181248K, 27% used [0x00000000e0000000,0x00000000e30e0cb0,0x00000000eb100000)
  from space 13312K, 99% used [0x00000000eb100000,0x00000000ebdfcb10,0x00000000ebe00000)
  to   space 17408K, 17% used [0x00000000f0580000,0x00000000f0884010,0x00000000f1680000)
 ParOldGen       total 45568K, used 30632K [0x00000000a0000000, 0x00000000a2c80000, 0x00000000e0000000)
  object space 45568K, 67% used [0x00000000a0000000,0x00000000a1dea0d8,0x00000000a2c80000)
 Metaspace       used 51831K, capacity 53226K, committed 53504K, reserved 1095680K
  class space    used 6816K, capacity 7145K, committed 7168K, reserved 1048576K
GC Heap History (10 events):
Event: 8.368 GC heap after
Heap after GC invocations=9 (full 1):
 PSYoungGen      total 134656K, used 0K [0x00000000e0000000, 0x00000000e8d00000, 0x0000000100000000)
  eden space 124928K, 0% used [0x00000000e0000000,0x00000000e0000000,0x00000000e7a00000)
  from space 9728K, 0% used [0x00000000e8380000,0x00000000e8380000,0x00000000e8d00000)
  to   space 9728K, 0% used [0x00000000e7a00000,0x00000000e7a00000,0x00000000e8380000)
 ParOldGen       total 33792K, used 10533K [0x00000000a0000000, 0x00000000a2100000, 0x00000000e0000000)
  object space 33792K, 31% used [0x00000000a0000000,0x00000000a0a49448,0x00000000a2100000)
 Metaspace       used 20776K, capacity 21234K, committed 21296K, reserved 1067008K
  class space    used 3007K, capacity 3168K, committed 3200K, reserved 1048576K
}
Event: 11.690 GC heap before
{Heap before GC invocations=10 (full 1):
 PSYoungGen      total 134656K, used 124928K [0x00000000e0000000, 0x00000000e8d00000, 0x0000000100000000)
  eden space 124928K, 100% used [0x00000000e0000000,0x00000000e7a00000,0x00000000e7a00000)
  from space 9728K, 0% used [0x00000000e8380000,0x00000000e8380000,0x00000000e8d00000)
  to   space 9728K, 0% used [0x00000000e7a00000,0x00000000e7a00000,0x00000000e8380000)
 ParOldGen       total 33792K, used 10533K [0x00000000a0000000, 0x00000000a2100000, 0x00000000e0000000)
  object space 33792K, 31% used [0x00000000a0000000,0x00000000a0a49448,0x00000000a2100000)
 Metaspace       used 33134K, capacity 33720K, committed 33920K, reserved 1079296K
  class space    used 4482K, capacity 4692K, committed 4736K, reserved 1048576K
Event: 11.710 GC heap after
Heap after GC invocations=10 (full 1):
 PSYoungGen      total 134656K, used 9712K [0x00000000e0000000, 0x00000000eca80000, 0x0000000100000000)
  eden space 124928K, 0% used [0x00000000e0000000,0x00000000e0000000,0x00000000e7a00000)
  from space 9728K, 99% used [0x00000000e7a00000,0x00000000e837c0a0,0x00000000e8380000)
  to   space 12800K, 0% used [0x00000000ebe00000,0x00000000ebe00000,0x00000000eca80000)
 ParOldGen       total 33792K, used 14874K [0x00000000a0000000, 0x00000000a2100000, 0x00000000e0000000)
  object space 33792K, 44% used [0x00000000a0000000,0x00000000a0e86ad0,0x00000000a2100000)
 Metaspace       used 33134K, capacity 33720K, committed 33920K, reserved 1079296K
  class space    used 4482K, capacity 4692K, committed 4736K, reserved 1048576K
}
Event: 12.362 GC heap before
{Heap before GC invocations=11 (full 1):
 PSYoungGen      total 134656K, used 32426K [0x00000000e0000000, 0x00000000eca80000, 0x0000000100000000)
  eden space 124928K, 18% used [0x00000000e0000000,0x00000000e162eb50,0x00000000e7a00000)
  from space 9728K, 99% used [0x00000000e7a00000,0x00000000e837c0a0,0x00000000e8380000)
  to   space 12800K, 0% used [0x00000000ebe00000,0x00000000ebe00000,0x00000000eca80000)
 ParOldGen       total 33792K, used 14874K [0x00000000a0000000, 0x00000000a2100000, 0x00000000e0000000)
  object space 33792K, 44% used [0x00000000a0000000,0x00000000a0e86ad0,0x00000000a2100000)
 Metaspace       used 34614K, capacity 35432K, committed 35496K, reserved 1079296K
  class space    used 4579K, capacity 4811K, committed 4864K, reserved 1048576K
Event: 12.391 GC heap after
Heap after GC invocations=11 (full 1):
 PSYoungGen      total 194048K, used 7989K [0x00000000e0000000, 0x00000000ecb80000, 0x0000000100000000)
  eden space 181248K, 0% used [0x00000000e0000000,0x00000000e0000000,0x00000000eb100000)
  from space 12800K, 62% used [0x00000000ebe00000,0x00000000ec5cd608,0x00000000eca80000)
  to   space 13312K, 0% used [0x00000000eb100000,0x00000000eb100000,0x00000000ebe00000)
 ParOldGen       total 33792K, used 14882K [0x00000000a0000000, 0x00000000a2100000, 0x00000000e0000000)
  object space 33792K, 44% used [0x00000000a0000000,0x00000000a0e88ad0,0x00000000a2100000)
 Metaspace       used 34614K, capacity 35432K, committed 35496K, reserved 1079296K
  class space    used 4579K, capacity 4811K, committed 4864K, reserved 1048576K
}
Event: 12.391 GC heap before
{Heap before GC invocations=12 (full 2):
 PSYoungGen      total 194048K, used 7989K [0x00000000e0000000, 0x00000000ecb80000, 0x0000000100000000)
  eden space 181248K, 0% used [0x00000000e0000000,0x00000000e0000000,0x00000000eb100000)
  from space 12800K, 62% used [0x00000000ebe00000,0x00000000ec5cd608,0x00000000eca80000)
  to   space 13312K, 0% used [0x00000000eb100000,0x00000000eb100000,0x00000000ebe00000)
 ParOldGen       total 33792K, used 14882K [0x00000000a0000000, 0x00000000a2100000, 0x00000000e0000000)
  object space 33792K, 44% used [0x00000000a0000000,0x00000000a0e88ad0,0x00000000a2100000)
 Metaspace       used 34614K, capacity 35432K, committed 35496K, reserved 1079296K
  class space    used 4579K, capacity 4811K, committed 4864K, reserved 1048576K
Event: 12.492 GC heap after
Heap after GC invocations=12 (full 2):
 PSYoungGen      total 194048K, used 0K [0x00000000e0000000, 0x00000000ecb80000, 0x0000000100000000)
  eden space 181248K, 0% used [0x00000000e0000000,0x00000000e0000000,0x00000000eb100000)
  from space 12800K, 0% used [0x00000000ebe00000,0x00000000ebe00000,0x00000000eca80000)
  to   space 13312K, 0% used [0x00000000eb100000,0x00000000eb100000,0x00000000ebe00000)
 ParOldGen       total 45568K, used 15123K [0x00000000a0000000, 0x00000000a2c80000, 0x00000000e0000000)
  object space 45568K, 33% used [0x00000000a0000000,0x00000000a0ec4ce8,0x00000000a2c80000)
 Metaspace       used 34568K, capacity 35328K, committed 35496K, reserved 1079296K
  class space    used 4568K, capacity 4799K, committed 4864K, reserved 1048576K
}
Event: 26.143 GC heap before
{Heap before GC invocations=13 (full 2):
 PSYoungGen      total 194048K, used 181248K [0x00000000e0000000, 0x00000000ecb80000, 0x0000000100000000)
  eden space 181248K, 100% used [0x00000000e0000000,0x00000000eb100000,0x00000000eb100000)
  from space 12800K, 0% used [0x00000000ebe00000,0x00000000ebe00000,0x00000000eca80000)
  to   space 13312K, 0% used [0x00000000eb100000,0x00000000eb100000,0x00000000ebe00000)
 ParOldGen       total 45568K, used 15123K [0x00000000a0000000, 0x00000000a2c80000, 0x00000000e0000000)
  object space 45568K, 33% used [0x00000000a0000000,0x00000000a0ec4ce8,0x00000000a2c80000)
 Metaspace       used 47507K, capacity 48714K, committed 48896K, reserved 1091584K
  class space    used 6307K, capacity 6596K, committed 6656K, reserved 1048576K
Event: 26.190 GC heap after
Heap after GC invocations=13 (full 2):
 PSYoungGen      total 194560K, used 13298K [0x00000000e0000000, 0x00000000f1680000, 0x0000000100000000)
  eden space 181248K, 0% used [0x00000000e0000000,0x00000000e0000000,0x00000000eb100000)
  from space 13312K, 99% used [0x00000000eb100000,0x00000000ebdfcb10,0x00000000ebe00000)
  to   space 17408K, 0% used [0x00000000f0580000,0x00000000f0580000,0x00000000f1680000)
 ParOldGen       total 45568K, used 20749K [0x00000000a0000000, 0x00000000a2c80000, 0x00000000e0000000)
  object space 45568K, 45% used [0x00000000a0000000,0x00000000a1443680,0x00000000a2c80000)
 Metaspace       used 47507K, capacity 48714K, committed 48896K, reserved 1091584K
  class space    used 6307K, capacity 6596K, committed 6656K, reserved 1048576K
}
Event: 28.712 GC heap before
{Heap before GC invocations=14 (full 2):
 PSYoungGen      total 194560K, used 63349K [0x00000000e0000000, 0x00000000f1680000, 0x0000000100000000)
  eden space 181248K, 27% used [0x00000000e0000000,0x00000000e30e0cb0,0x00000000eb100000)
  from space 13312K, 99% used [0x00000000eb100000,0x00000000ebdfcb10,0x00000000ebe00000)
  to   space 17408K, 0% used [0x00000000f0580000,0x00000000f0580000,0x00000000f1680000)
 ParOldGen       total 45568K, used 20749K [0x00000000a0000000, 0x00000000a2c80000, 0x00000000e0000000)
  object space 45568K, 45% used [0x00000000a0000000,0x00000000a1443680,0x00000000a2c80000)
 Metaspace       used 51831K, capacity 53226K, committed 53504K, reserved 1095680K
  class space    used 6816K, capacity 7145K, committed 7168K, reserved 1048576K

