# JRE version: OpenJDK Runtime Environment (8.0_212-b04) (build 1.8.0_212-release-1586-b04)
# Java VM: OpenJDK 64-Bit Server VM (25.212-b04 mixed mode windows-amd64 compressed oops)
Heap:
 PSYoungGen      total 188416K, used 46538K [0x00000000e0000000, 0x00000000ec700000, 0x0000000100000000)
  eden space 176128K, 26% used [0x00000000e0000000,0x00000000e2d72af0,0x00000000eac00000)
  from space 12288K, 0% used [0x00000000eba00000,0x00000000eba00000,0x00000000ec600000)
  to   space 13824K, 0% used [0x00000000eac00000,0x00000000eac00000,0x00000000eb980000)
 ParOldGen       total 50688K, used 35932K [0x00000000a0000000, 0x00000000a3180000, 0x00000000e0000000)
  object space 50688K, 70% used [0x00000000a0000000,0x00000000a2317258,0x00000000a3180000)
 Metaspace       used 58244K, capacity 60310K, committed 60456K, reserved 1101824K
  class space    used 8052K, capacity 8486K, committed 8488K, reserved 1048576K
GC Heap History (10 events):
Event: 10.768 GC heap before
{Heap before GC invocations=11 (full 1):
 PSYoungGen      total 134656K, used 74771K [0x00000000e0000000, 0x00000000ec600000, 0x0000000100000000)
  eden space 124928K, 52% used [0x00000000e0000000,0x00000000e3f89180,0x00000000e7a00000)
  from space 9728K, 99% used [0x00000000e7a00000,0x00000000e837bb10,0x00000000e8380000)
  to   space 12288K, 0% used [0x00000000eba00000,0x00000000eba00000,0x00000000ec600000)
 ParOldGen       total 32768K, used 11211K [0x00000000a0000000, 0x00000000a2000000, 0x00000000e0000000)
  object space 32768K, 34% used [0x00000000a0000000,0x00000000a0af2e00,0x00000000a2000000)
 Metaspace       used 34707K, capacity 35438K, committed 35496K, reserved 1079296K
  class space    used 4783K, capacity 5026K, committed 5032K, reserved 1048576K
Event: 10.782 GC heap after
Heap after GC invocations=11 (full 1):
 PSYoungGen      total 188416K, used 11340K [0x00000000e0000000, 0x00000000ec700000, 0x0000000100000000)
  eden space 176128K, 0% used [0x00000000e0000000,0x00000000e0000000,0x00000000eac00000)
  from space 12288K, 92% used [0x00000000eba00000,0x00000000ec513098,0x00000000ec600000)
  to   space 13824K, 0% used [0x00000000eac00000,0x00000000eac00000,0x00000000eb980000)
 ParOldGen       total 32768K, used 11219K [0x00000000a0000000, 0x00000000a2000000, 0x00000000e0000000)
  object space 32768K, 34% used [0x00000000a0000000,0x00000000a0af4e00,0x00000000a2000000)
 Metaspace       used 34707K, capacity 35438K, committed 35496K, reserved 1079296K
  class space    used 4783K, capacity 5026K, committed 5032K, reserved 1048576K
}
Event: 10.782 GC heap before
{Heap before GC invocations=12 (full 2):
 PSYoungGen      total 188416K, used 11340K [0x00000000e0000000, 0x00000000ec700000, 0x0000000100000000)
  eden space 176128K, 0% used [0x00000000e0000000,0x00000000e0000000,0x00000000eac00000)
  from space 12288K, 92% used [0x00000000eba00000,0x00000000ec513098,0x00000000ec600000)
  to   space 13824K, 0% used [0x00000000eac00000,0x00000000eac00000,0x00000000eb980000)
 ParOldGen       total 32768K, used 11219K [0x00000000a0000000, 0x00000000a2000000, 0x00000000e0000000)
  object space 32768K, 34% used [0x00000000a0000000,0x00000000a0af4e00,0x00000000a2000000)
 Metaspace       used 34707K, capacity 35438K, committed 35496K, reserved 1079296K
  class space    used 4783K, capacity 5026K, committed 5032K, reserved 1048576K
Event: 10.848 GC heap after
Heap after GC invocations=12 (full 2):
 PSYoungGen      total 188416K, used 0K [0x00000000e0000000, 0x00000000ec700000, 0x0000000100000000)
  eden space 176128K, 0% used [0x00000000e0000000,0x00000000e0000000,0x00000000eac00000)
  from space 12288K, 0% used [0x00000000eba00000,0x00000000eba00000,0x00000000ec600000)
  to   space 13824K, 0% used [0x00000000eac00000,0x00000000eac00000,0x00000000eb980000)
 ParOldGen       total 50688K, used 18467K [0x00000000a0000000, 0x00000000a3180000, 0x00000000e0000000)
  object space 50688K, 36% used [0x00000000a0000000,0x00000000a1208d20,0x00000000a3180000)
 Metaspace       used 34707K, capacity 35438K, committed 35496K, reserved 1079296K
  class space    used 4783K, capacity 5026K, committed 5032K, reserved 1048576K
}
Event: 22.021 GC heap before
{Heap before GC invocations=13 (full 2):
 PSYoungGen      total 188416K, used 176128K [0x00000000e0000000, 0x00000000ec700000, 0x0000000100000000)
  eden space 176128K, 100% used [0x00000000e0000000,0x00000000eac00000,0x00000000eac00000)
  from space 12288K, 0% used [0x00000000eba00000,0x00000000eba00000,0x00000000ec600000)
  to   space 13824K, 0% used [0x00000000eac00000,0x00000000eac00000,0x00000000eb980000)
 ParOldGen       total 50688K, used 18467K [0x00000000a0000000, 0x00000000a3180000, 0x00000000e0000000)
  object space 50688K, 36% used [0x00000000a0000000,0x00000000a1208d20,0x00000000a3180000)
 Metaspace       used 50113K, capacity 51652K, committed 51752K, reserved 1093632K
  class space    used 6737K, capacity 7134K, committed 7208K, reserved 1048576K
Event: 22.064 GC heap after
Heap after GC invocations=13 (full 2):
 PSYoungGen      total 189952K, used 13804K [0x00000000e0000000, 0x00000000ec700000, 0x0000000100000000)
  eden space 176128K, 0% used [0x00000000e0000000,0x00000000e0000000,0x00000000eac00000)
  from space 13824K, 99% used [0x00000000eac00000,0x00000000eb97b2a0,0x00000000eb980000)
  to   space 12288K, 0% used [0x00000000eba00000,0x00000000eba00000,0x00000000ec600000)
 ParOldGen       total 50688K, used 25618K [0x00000000a0000000, 0x00000000a3180000, 0x00000000e0000000)
  object space 50688K, 50% used [0x00000000a0000000,0x00000000a1904b28,0x00000000a3180000)
 Metaspace       used 50113K, capacity 51652K, committed 51752K, reserved 1093632K
  class space    used 6737K, capacity 7134K, committed 7208K, reserved 1048576K
}
Event: 26.542 GC heap before
{Heap before GC invocations=14 (full 2):
 PSYoungGen      total 189952K, used 138947K [0x00000000e0000000, 0x00000000ec700000, 0x0000000100000000)
  eden space 176128K, 71% used [0x00000000e0000000,0x00000000e7a35ac0,0x00000000eac00000)
  from space 13824K, 99% used [0x00000000eac00000,0x00000000eb97b2a0,0x00000000eb980000)
  to   space 12288K, 0% used [0x00000000eba00000,0x00000000eba00000,0x00000000ec600000)
 ParOldGen       total 50688K, used 25618K [0x00000000a0000000, 0x00000000a3180000, 0x00000000e0000000)
  object space 50688K, 50% used [0x00000000a0000000,0x00000000a1904b28,0x00000000a3180000)
 Metaspace       used 56988K, capacity 59034K, committed 59160K, reserved 1099776K
  class space    used 7899K, capacity 8339K, committed 8360K, reserved 1048576K
Event: 26.588 GC heap after
Heap after GC invocations=14 (full 2):
 PSYoungGen      total 188416K, used 10381K [0x00000000e0000000, 0x00000000ec700000, 0x0000000100000000)
  eden space 176128K, 0% used [0x00000000e0000000,0x00000000e0000000,0x00000000eac00000)
  from space 12288K, 84% used [0x00000000eba00000,0x00000000ec4235d8,0x00000000ec600000)
  to   space 13824K, 0% used [0x00000000eac00000,0x00000000eac00000,0x00000000eb980000)
 ParOldGen       total 50688K, used 36362K [0x00000000a0000000, 0x00000000a3180000, 0x00000000e0000000)
  object space 50688K, 71% used [0x00000000a0000000,0x00000000a23829b0,0x00000000a3180000)
 Metaspace       used 56988K, capacity 59034K, committed 59160K, reserved 1099776K
  class space    used 7899K, capacity 8339K, committed 8360K, reserved 1048576K
}
Event: 26.588 GC heap before
{Heap before GC invocations=15 (full 3):
 PSYoungGen      total 188416K, used 10381K [0x00000000e0000000, 0x00000000ec700000, 0x0000000100000000)
  eden space 176128K, 0% used [0x00000000e0000000,0x00000000e0000000,0x00000000eac00000)
  from space 12288K, 84% used [0x00000000eba00000,0x00000000ec4235d8,0x00000000ec600000)
  to   space 13824K, 0% used [0x00000000eac00000,0x00000000eac00000,0x00000000eb980000)
 ParOldGen       total 50688K, used 36362K [0x00000000a0000000, 0x00000000a3180000, 0x00000000e0000000)
  object space 50688K, 71% used [0x00000000a0000000,0x00000000a23829b0,0x00000000a3180000)
 Metaspace       used 56988K, capacity 59034K, committed 59160K, reserved 1099776K
  class space    used 7899K, capacity 8339K, committed 8360K, reserved 1048576K
Event: 27.097 GC heap after
Heap after GC invocations=15 (full 3):
 PSYoungGen      total 188416K, used 0K [0x00000000e0000000, 0x00000000ec700000, 0x0000000100000000)
  eden space 176128K, 0% used [0x00000000e0000000,0x00000000e0000000,0x00000000eac00000)
  from space 12288K, 0% used [0x00000000eba00000,0x00000000eba00000,0x00000000ec600000)
  to   space 13824K, 0% used [0x00000000eac00000,0x00000000eac00000,0x00000000eb980000)
 ParOldGen       total 50688K, used 35932K [0x00000000a0000000, 0x00000000a3180000, 0x00000000e0000000)
  object space 50688K, 70% used [0x00000000a0000000,0x00000000a2317258,0x00000000a3180000)
 Metaspace       used 56983K, capacity 59016K, committed 59160K, reserved 1099776K
  class space    used 7898K, capacity 8336K, committed 8360K, reserved 1048576K
}

