# JRE version: OpenJDK Runtime Environment (8.0_212-b04) (build 1.8.0_212-release-1586-b04)
# Java VM: OpenJDK 64-Bit Server VM (25.212-b04 mixed mode windows-amd64 compressed oops)
Heap:
 PSYoungGen      total 187392K, used 175916K [0x00000000e0000000, 0x00000000ec600000, 0x0000000100000000)
  eden space 176128K, 99% used [0x00000000e0000000,0x00000000eabcb080,0x00000000eac00000)
  from space 11264K, 0% used [0x00000000ebb00000,0x00000000ebb00000,0x00000000ec600000)
  to   space 13312K, 0% used [0x00000000eac00000,0x00000000eac00000,0x00000000eb900000)
 ParOldGen       total 48128K, used 34872K [0x00000000a0000000, 0x00000000a2f00000, 0x00000000e0000000)
  object space 48128K, 72% used [0x00000000a0000000,0x00000000a220e3c8,0x00000000a2f00000)
 Metaspace       used 60410K, capacity 62476K, committed 62720K, reserved 1103872K
  class space    used 8201K, capacity 8693K, committed 8704K, reserved 1048576K
GC Heap History (10 events):
Event: 16.576 GC heap before
{Heap before GC invocations=11 (full 1):
 PSYoungGen      total 134144K, used 78199K [0x00000000e0000000, 0x00000000ec680000, 0x0000000100000000)
  eden space 124928K, 55% used [0x00000000e0000000,0x00000000e4360ae8,0x00000000e7a00000)
  from space 9216K, 99% used [0x00000000e7a00000,0x00000000e82fd228,0x00000000e8300000)
  to   space 11776K, 0% used [0x00000000ebb00000,0x00000000ebb00000,0x00000000ec680000)
 ParOldGen       total 31744K, used 10620K [0x00000000a0000000, 0x00000000a1f00000, 0x00000000e0000000)
  object space 31744K, 33% used [0x00000000a0000000,0x00000000a0a5f068,0x00000000a1f00000)
 Metaspace       used 34640K, capacity 35366K, committed 35456K, reserved 1079296K
  class space    used 4755K, capacity 4938K, committed 4992K, reserved 1048576K
Event: 16.614 GC heap after
Heap after GC invocations=11 (full 1):
 PSYoungGen      total 187392K, used 10664K [0x00000000e0000000, 0x00000000ec600000, 0x0000000100000000)
  eden space 176128K, 0% used [0x00000000e0000000,0x00000000e0000000,0x00000000eac00000)
  from space 11264K, 94% used [0x00000000ebb00000,0x00000000ec56a3b8,0x00000000ec600000)
  to   space 13312K, 0% used [0x00000000eac00000,0x00000000eac00000,0x00000000eb900000)
 ParOldGen       total 31744K, used 10628K [0x00000000a0000000, 0x00000000a1f00000, 0x00000000e0000000)
  object space 31744K, 33% used [0x00000000a0000000,0x00000000a0a61068,0x00000000a1f00000)
 Metaspace       used 34640K, capacity 35366K, committed 35456K, reserved 1079296K
  class space    used 4755K, capacity 4938K, committed 4992K, reserved 1048576K
}
Event: 16.614 GC heap before
{Heap before GC invocations=12 (full 2):
 PSYoungGen      total 187392K, used 10664K [0x00000000e0000000, 0x00000000ec600000, 0x0000000100000000)
  eden space 176128K, 0% used [0x00000000e0000000,0x00000000e0000000,0x00000000eac00000)
  from space 11264K, 94% used [0x00000000ebb00000,0x00000000ec56a3b8,0x00000000ec600000)
  to   space 13312K, 0% used [0x00000000eac00000,0x00000000eac00000,0x00000000eb900000)
 ParOldGen       total 31744K, used 10628K [0x00000000a0000000, 0x00000000a1f00000, 0x00000000e0000000)
  object space 31744K, 33% used [0x00000000a0000000,0x00000000a0a61068,0x00000000a1f00000)
 Metaspace       used 34640K, capacity 35366K, committed 35456K, reserved 1079296K
  class space    used 4755K, capacity 4938K, committed 4992K, reserved 1048576K
Event: 16.749 GC heap after
Heap after GC invocations=12 (full 2):
 PSYoungGen      total 187392K, used 0K [0x00000000e0000000, 0x00000000ec600000, 0x0000000100000000)
  eden space 176128K, 0% used [0x00000000e0000000,0x00000000e0000000,0x00000000eac00000)
  from space 11264K, 0% used [0x00000000ebb00000,0x00000000ebb00000,0x00000000ec600000)
  to   space 13312K, 0% used [0x00000000eac00000,0x00000000eac00000,0x00000000eb900000)
 ParOldGen       total 48128K, used 17544K [0x00000000a0000000, 0x00000000a2f00000, 0x00000000e0000000)
  object space 48128K, 36% used [0x00000000a0000000,0x00000000a11220d8,0x00000000a2f00000)
 Metaspace       used 34640K, capacity 35366K, committed 35456K, reserved 1079296K
  class space    used 4755K, capacity 4938K, committed 4992K, reserved 1048576K
}
Event: 27.168 GC heap before
{Heap before GC invocations=13 (full 2):
 PSYoungGen      total 187392K, used 176128K [0x00000000e0000000, 0x00000000ec600000, 0x0000000100000000)
  eden space 176128K, 100% used [0x00000000e0000000,0x00000000eac00000,0x00000000eac00000)
  from space 11264K, 0% used [0x00000000ebb00000,0x00000000ebb00000,0x00000000ec600000)
  to   space 13312K, 0% used [0x00000000eac00000,0x00000000eac00000,0x00000000eb900000)
 ParOldGen       total 48128K, used 17544K [0x00000000a0000000, 0x00000000a2f00000, 0x00000000e0000000)
  object space 48128K, 36% used [0x00000000a0000000,0x00000000a11220d8,0x00000000a2f00000)
 Metaspace       used 51251K, capacity 52742K, committed 52992K, reserved 1095680K
  class space    used 6995K, capacity 7384K, committed 7424K, reserved 1048576K
Event: 27.245 GC heap after
Heap after GC invocations=13 (full 2):
 PSYoungGen      total 189440K, used 13300K [0x00000000e0000000, 0x00000000ec600000, 0x0000000100000000)
  eden space 176128K, 0% used [0x00000000e0000000,0x00000000e0000000,0x00000000eac00000)
  from space 13312K, 99% used [0x00000000eac00000,0x00000000eb8fd0b0,0x00000000eb900000)
  to   space 11264K, 0% used [0x00000000ebb00000,0x00000000ebb00000,0x00000000ec600000)
 ParOldGen       total 48128K, used 26182K [0x00000000a0000000, 0x00000000a2f00000, 0x00000000e0000000)
  object space 48128K, 54% used [0x00000000a0000000,0x00000000a19918d8,0x00000000a2f00000)
 Metaspace       used 51251K, capacity 52742K, committed 52992K, reserved 1095680K
  class space    used 6995K, capacity 7384K, committed 7424K, reserved 1048576K
}
Event: 34.034 GC heap before
{Heap before GC invocations=14 (full 2):
 PSYoungGen      total 189440K, used 123120K [0x00000000e0000000, 0x00000000ec600000, 0x0000000100000000)
  eden space 176128K, 62% used [0x00000000e0000000,0x00000000e6b3f288,0x00000000eac00000)
  from space 13312K, 99% used [0x00000000eac00000,0x00000000eb8fd0b0,0x00000000eb900000)
  to   space 11264K, 0% used [0x00000000ebb00000,0x00000000ebb00000,0x00000000ec600000)
 ParOldGen       total 48128K, used 26182K [0x00000000a0000000, 0x00000000a2f00000, 0x00000000e0000000)
  object space 48128K, 54% used [0x00000000a0000000,0x00000000a19918d8,0x00000000a2f00000)
 Metaspace       used 57110K, capacity 59080K, committed 59096K, reserved 1099776K
  class space    used 7854K, capacity 8313K, committed 8320K, reserved 1048576K
Event: 34.100 GC heap after
Heap after GC invocations=14 (full 2):
 PSYoungGen      total 187392K, used 10219K [0x00000000e0000000, 0x00000000ec600000, 0x0000000100000000)
  eden space 176128K, 0% used [0x00000000e0000000,0x00000000e0000000,0x00000000eac00000)
  from space 11264K, 90% used [0x00000000ebb00000,0x00000000ec4facc8,0x00000000ec600000)
  to   space 13312K, 0% used [0x00000000eac00000,0x00000000eac00000,0x00000000eb900000)
 ParOldGen       total 48128K, used 36951K [0x00000000a0000000, 0x00000000a2f00000, 0x00000000e0000000)
  object space 48128K, 76% used [0x00000000a0000000,0x00000000a2415f10,0x00000000a2f00000)
 Metaspace       used 57110K, capacity 59080K, committed 59096K, reserved 1099776K
  class space    used 7854K, capacity 8313K, committed 8320K, reserved 1048576K
}
Event: 34.100 GC heap before
{Heap before GC invocations=15 (full 3):
 PSYoungGen      total 187392K, used 10219K [0x00000000e0000000, 0x00000000ec600000, 0x0000000100000000)
  eden space 176128K, 0% used [0x00000000e0000000,0x00000000e0000000,0x00000000eac00000)
  from space 11264K, 90% used [0x00000000ebb00000,0x00000000ec4facc8,0x00000000ec600000)
  to   space 13312K, 0% used [0x00000000eac00000,0x00000000eac00000,0x00000000eb900000)
 ParOldGen       total 48128K, used 36951K [0x00000000a0000000, 0x00000000a2f00000, 0x00000000e0000000)
  object space 48128K, 76% used [0x00000000a0000000,0x00000000a2415f10,0x00000000a2f00000)
 Metaspace       used 57110K, capacity 59080K, committed 59096K, reserved 1099776K
  class space    used 7854K, capacity 8313K, committed 8320K, reserved 1048576K
Event: 34.839 GC heap after
Heap after GC invocations=15 (full 3):
 PSYoungGen      total 187392K, used 0K [0x00000000e0000000, 0x00000000ec600000, 0x0000000100000000)
  eden space 176128K, 0% used [0x00000000e0000000,0x00000000e0000000,0x00000000eac00000)
  from space 11264K, 0% used [0x00000000ebb00000,0x00000000ebb00000,0x00000000ec600000)
  to   space 13312K, 0% used [0x00000000eac00000,0x00000000eac00000,0x00000000eb900000)
 ParOldGen       total 48128K, used 34872K [0x00000000a0000000, 0x00000000a2f00000, 0x00000000e0000000)
  object space 48128K, 72% used [0x00000000a0000000,0x00000000a220e3c8,0x00000000a2f00000)
 Metaspace       used 57025K, capacity 58838K, committed 59096K, reserved 1099776K
  class space    used 7827K, capacity 8264K, committed 8320K, reserved 1048576K
}

