# JRE version: OpenJDK Runtime Environment (8.0_212-b04) (build 1.8.0_212-release-1586-b04)
# Java VM: OpenJDK 64-Bit Server VM (25.212-b04 mixed mode windows-amd64 compressed oops)
Heap:
 PSYoungGen      total 153600K, used 11565K [0x00000000e0000000, 0x00000000ea100000, 0x0000000100000000)
  eden space 142336K, 1% used [0x00000000e0000000,0x00000000e01b9f28,0x00000000e8b00000)
  from space 11264K, 86% used [0x00000000e8b00000,0x00000000e9491730,0x00000000e9600000)
  to   space 7680K, 0% used [0x00000000e9800000,0x00000000e9800000,0x00000000e9f80000)
 ParOldGen       total 43008K, used 31749K [0x00000000a0000000, 0x00000000a2a00000, 0x00000000e0000000)
  object space 43008K, 73% used [0x00000000a0000000,0x00000000a1f014c0,0x00000000a2a00000)
 Metaspace       used 61298K, capacity 63505K, committed 63744K, reserved 1103872K
  class space    used 8339K, capacity 8862K, committed 8960K, reserved 1048576K
GC Heap History (10 events):
Event: 44.257 GC heap before
{Heap before GC invocations=18 (full 2):
 PSYoungGen      total 107520K, used 99840K [0x00000000e0000000, 0x00000000e9f80000, 0x0000000100000000)
  eden space 99840K, 100% used [0x00000000e0000000,0x00000000e6180000,0x00000000e6180000)
  from space 7680K, 0% used [0x00000000e6180000,0x00000000e6180000,0x00000000e6900000)
  to   space 7680K, 0% used [0x00000000e9800000,0x00000000e9800000,0x00000000e9f80000)
 ParOldGen       total 43008K, used 15337K [0x00000000a0000000, 0x00000000a2a00000, 0x00000000e0000000)
  object space 43008K, 35% used [0x00000000a0000000,0x00000000a0efa5b8,0x00000000a2a00000)
 Metaspace       used 44967K, capacity 45910K, committed 46080K, reserved 1089536K
  class space    used 6040K, capacity 6291K, committed 6400K, reserved 1048576K
Event: 44.289 GC heap after
Heap after GC invocations=18 (full 2):
 PSYoungGen      total 150016K, used 7649K [0x00000000e0000000, 0x00000000ea100000, 0x0000000100000000)
  eden space 142336K, 0% used [0x00000000e0000000,0x00000000e0000000,0x00000000e8b00000)
  from space 7680K, 99% used [0x00000000e9800000,0x00000000e9f785f0,0x00000000e9f80000)
  to   space 11264K, 0% used [0x00000000e8b00000,0x00000000e8b00000,0x00000000e9600000)
 ParOldGen       total 43008K, used 21841K [0x00000000a0000000, 0x00000000a2a00000, 0x00000000e0000000)
  object space 43008K, 50% used [0x00000000a0000000,0x00000000a1554510,0x00000000a2a00000)
 Metaspace       used 44967K, capacity 45910K, committed 46080K, reserved 1089536K
  class space    used 6040K, capacity 6291K, committed 6400K, reserved 1048576K
}
Event: 53.530 GC heap before
{Heap before GC invocations=19 (full 2):
 PSYoungGen      total 150016K, used 149985K [0x00000000e0000000, 0x00000000ea100000, 0x0000000100000000)
  eden space 142336K, 100% used [0x00000000e0000000,0x00000000e8b00000,0x00000000e8b00000)
  from space 7680K, 99% used [0x00000000e9800000,0x00000000e9f785f0,0x00000000e9f80000)
  to   space 11264K, 0% used [0x00000000e8b00000,0x00000000e8b00000,0x00000000e9600000)
 ParOldGen       total 43008K, used 21841K [0x00000000a0000000, 0x00000000a2a00000, 0x00000000e0000000)
  object space 43008K, 50% used [0x00000000a0000000,0x00000000a1554510,0x00000000a2a00000)
 Metaspace       used 56129K, capacity 57754K, committed 57856K, reserved 1099776K
  class space    used 7714K, capacity 8098K, committed 8192K, reserved 1048576K
Event: 53.601 GC heap after
Heap after GC invocations=19 (full 2):
 PSYoungGen      total 153600K, used 11242K [0x00000000e0000000, 0x00000000ea100000, 0x0000000100000000)
  eden space 142336K, 0% used [0x00000000e0000000,0x00000000e0000000,0x00000000e8b00000)
  from space 11264K, 99% used [0x00000000e8b00000,0x00000000e95fa900,0x00000000e9600000)
  to   space 7680K, 0% used [0x00000000e9800000,0x00000000e9800000,0x00000000e9f80000)
 ParOldGen       total 43008K, used 32458K [0x00000000a0000000, 0x00000000a2a00000, 0x00000000e0000000)
  object space 43008K, 75% used [0x00000000a0000000,0x00000000a1fb2a40,0x00000000a2a00000)
 Metaspace       used 56129K, capacity 57754K, committed 57856K, reserved 1099776K
  class space    used 7714K, capacity 8098K, committed 8192K, reserved 1048576K
}
Event: 54.644 GC heap before
{Heap before GC invocations=20 (full 2):
 PSYoungGen      total 153600K, used 26747K [0x00000000e0000000, 0x00000000ea100000, 0x0000000100000000)
  eden space 142336K, 10% used [0x00000000e0000000,0x00000000e0f246f0,0x00000000e8b00000)
  from space 11264K, 99% used [0x00000000e8b00000,0x00000000e95fa900,0x00000000e9600000)
  to   space 7680K, 0% used [0x00000000e9800000,0x00000000e9800000,0x00000000e9f80000)
 ParOldGen       total 43008K, used 32458K [0x00000000a0000000, 0x00000000a2a00000, 0x00000000e0000000)
  object space 43008K, 75% used [0x00000000a0000000,0x00000000a1fb2a40,0x00000000a2a00000)
 Metaspace       used 57276K, capacity 59063K, committed 59160K, reserved 1099776K
  class space    used 7911K, capacity 8320K, committed 8320K, reserved 1048576K
Event: 54.663 GC heap after
Heap after GC invocations=20 (full 2):
 PSYoungGen      total 150016K, used 2655K [0x00000000e0000000, 0x00000000ea100000, 0x0000000100000000)
  eden space 142336K, 0% used [0x00000000e0000000,0x00000000e0000000,0x00000000e8b00000)
  from space 7680K, 34% used [0x00000000e9800000,0x00000000e9a97e80,0x00000000e9f80000)
  to   space 11264K, 0% used [0x00000000e8b00000,0x00000000e8b00000,0x00000000e9600000)
 ParOldGen       total 43008K, used 41463K [0x00000000a0000000, 0x00000000a2a00000, 0x00000000e0000000)
  object space 43008K, 96% used [0x00000000a0000000,0x00000000a287df60,0x00000000a2a00000)
 Metaspace       used 57276K, capacity 59063K, committed 59160K, reserved 1099776K
  class space    used 7911K, capacity 8320K, committed 8320K, reserved 1048576K
}
Event: 54.663 GC heap before
{Heap before GC invocations=21 (full 3):
 PSYoungGen      total 150016K, used 2655K [0x00000000e0000000, 0x00000000ea100000, 0x0000000100000000)
  eden space 142336K, 0% used [0x00000000e0000000,0x00000000e0000000,0x00000000e8b00000)
  from space 7680K, 34% used [0x00000000e9800000,0x00000000e9a97e80,0x00000000e9f80000)
  to   space 11264K, 0% used [0x00000000e8b00000,0x00000000e8b00000,0x00000000e9600000)
 ParOldGen       total 43008K, used 41463K [0x00000000a0000000, 0x00000000a2a00000, 0x00000000e0000000)
  object space 43008K, 96% used [0x00000000a0000000,0x00000000a287df60,0x00000000a2a00000)
 Metaspace       used 57276K, capacity 59063K, committed 59160K, reserved 1099776K
  class space    used 7911K, capacity 8320K, committed 8320K, reserved 1048576K
Event: 55.391 GC heap after
Heap after GC invocations=21 (full 3):
 PSYoungGen      total 150016K, used 0K [0x00000000e0000000, 0x00000000ea100000, 0x0000000100000000)
  eden space 142336K, 0% used [0x00000000e0000000,0x00000000e0000000,0x00000000e8b00000)
  from space 7680K, 0% used [0x00000000e9800000,0x00000000e9800000,0x00000000e9f80000)
  to   space 11264K, 0% used [0x00000000e8b00000,0x00000000e8b00000,0x00000000e9600000)
 ParOldGen       total 43008K, used 31741K [0x00000000a0000000, 0x00000000a2a00000, 0x00000000e0000000)
  object space 43008K, 73% used [0x00000000a0000000,0x00000000a1eff4c0,0x00000000a2a00000)
 Metaspace       used 57276K, capacity 59063K, committed 59160K, reserved 1099776K
  class space    used 7911K, capacity 8320K, committed 8320K, reserved 1048576K
}
Event: 86.394 GC heap before
{Heap before GC invocations=22 (full 3):
 PSYoungGen      total 150016K, used 142336K [0x00000000e0000000, 0x00000000ea100000, 0x0000000100000000)
  eden space 142336K, 100% used [0x00000000e0000000,0x00000000e8b00000,0x00000000e8b00000)
  from space 7680K, 0% used [0x00000000e9800000,0x00000000e9800000,0x00000000e9f80000)
  to   space 11264K, 0% used [0x00000000e8b00000,0x00000000e8b00000,0x00000000e9600000)
 ParOldGen       total 43008K, used 31741K [0x00000000a0000000, 0x00000000a2a00000, 0x00000000e0000000)
  object space 43008K, 73% used [0x00000000a0000000,0x00000000a1eff4c0,0x00000000a2a00000)
 Metaspace       used 61226K, capacity 63409K, committed 63616K, reserved 1103872K
  class space    used 8323K, capacity 8830K, committed 8832K, reserved 1048576K
Event: 86.424 GC heap after
Heap after GC invocations=22 (full 3):
 PSYoungGen      total 153600K, used 9797K [0x00000000e0000000, 0x00000000ea100000, 0x0000000100000000)
  eden space 142336K, 0% used [0x00000000e0000000,0x00000000e0000000,0x00000000e8b00000)
  from space 11264K, 86% used [0x00000000e8b00000,0x00000000e9491730,0x00000000e9600000)
  to   space 7680K, 0% used [0x00000000e9800000,0x00000000e9800000,0x00000000e9f80000)
 ParOldGen       total 43008K, used 31749K [0x00000000a0000000, 0x00000000a2a00000, 0x00000000e0000000)
  object space 43008K, 73% used [0x00000000a0000000,0x00000000a1f014c0,0x00000000a2a00000)
 Metaspace       used 61226K, capacity 63409K, committed 63616K, reserved 1103872K
  class space    used 8323K, capacity 8830K, committed 8832K, reserved 1048576K
}

