# JRE version: OpenJDK Runtime Environment (8.0_212-b04) (build 1.8.0_212-release-1586-b04)
# Java VM: OpenJDK 64-Bit Server VM (25.212-b04 mixed mode windows-amd64 compressed oops)
Heap:
 PSYoungGen      total 188928K, used 88635K [0x00000000e0000000, 0x00000000ec500000, 0x0000000100000000)
  eden space 176128K, 43% used [0x00000000e0000000,0x00000000e4a0f940,0x00000000eac00000)
  from space 12800K, 99% used [0x00000000eac00000,0x00000000eb87f4b8,0x00000000eb880000)
  to   space 12288K, 0% used [0x00000000eb900000,0x00000000eb900000,0x00000000ec500000)
 ParOldGen       total 49152K, used 23322K [0x00000000a0000000, 0x00000000a3000000, 0x00000000e0000000)
  object space 49152K, 47% used [0x00000000a0000000,0x00000000a16c68c0,0x00000000a3000000)
 Metaspace       used 53534K, capacity 55174K, committed 55424K, reserved 1097728K
  class space    used 7080K, capacity 7479K, committed 7552K, reserved 1048576K
GC Heap History (10 events):
Event: 6.052 GC heap before
{Heap before GC invocations=9 (full 1):
 PSYoungGen      total 134656K, used 5544K [0x00000000e0000000, 0x00000000e8d00000, 0x0000000100000000)
  eden space 124928K, 0% used [0x00000000e0000000,0x00000000e0000000,0x00000000e7a00000)
  from space 9728K, 56% used [0x00000000e8380000,0x00000000e88ea240,0x00000000e8d00000)
  to   space 9728K, 0% used [0x00000000e7a00000,0x00000000e7a00000,0x00000000e8380000)
 ParOldGen       total 42496K, used 8397K [0x00000000a0000000, 0x00000000a2980000, 0x00000000e0000000)
  object space 42496K, 19% used [0x00000000a0000000,0x00000000a08335c0,0x00000000a2980000)
 Metaspace       used 20752K, capacity 21234K, committed 21296K, reserved 1067008K
  class space    used 3005K, capacity 3168K, committed 3200K, reserved 1048576K
Event: 6.135 GC heap after
Heap after GC invocations=9 (full 1):
 PSYoungGen      total 134656K, used 0K [0x00000000e0000000, 0x00000000e8d00000, 0x0000000100000000)
  eden space 124928K, 0% used [0x00000000e0000000,0x00000000e0000000,0x00000000e7a00000)
  from space 9728K, 0% used [0x00000000e8380000,0x00000000e8380000,0x00000000e8d00000)
  to   space 9728K, 0% used [0x00000000e7a00000,0x00000000e7a00000,0x00000000e8380000)
 ParOldGen       total 32768K, used 8581K [0x00000000a0000000, 0x00000000a2000000, 0x00000000e0000000)
  object space 32768K, 26% used [0x00000000a0000000,0x00000000a0861640,0x00000000a2000000)
 Metaspace       used 20752K, capacity 21234K, committed 21296K, reserved 1067008K
  class space    used 3005K, capacity 3168K, committed 3200K, reserved 1048576K
}
Event: 10.092 GC heap before
{Heap before GC invocations=10 (full 1):
 PSYoungGen      total 134656K, used 124928K [0x00000000e0000000, 0x00000000e8d00000, 0x0000000100000000)
  eden space 124928K, 100% used [0x00000000e0000000,0x00000000e7a00000,0x00000000e7a00000)
  from space 9728K, 0% used [0x00000000e8380000,0x00000000e8380000,0x00000000e8d00000)
  to   space 9728K, 0% used [0x00000000e7a00000,0x00000000e7a00000,0x00000000e8380000)
 ParOldGen       total 32768K, used 8581K [0x00000000a0000000, 0x00000000a2000000, 0x00000000e0000000)
  object space 32768K, 26% used [0x00000000a0000000,0x00000000a0861640,0x00000000a2000000)
 Metaspace       used 33041K, capacity 33698K, committed 33920K, reserved 1079296K
  class space    used 4469K, capacity 4686K, committed 4736K, reserved 1048576K
Event: 10.166 GC heap after
Heap after GC invocations=10 (full 1):
 PSYoungGen      total 134656K, used 9717K [0x00000000e0000000, 0x00000000ec580000, 0x0000000100000000)
  eden space 124928K, 0% used [0x00000000e0000000,0x00000000e0000000,0x00000000e7a00000)
  from space 9728K, 99% used [0x00000000e7a00000,0x00000000e837d6d0,0x00000000e8380000)
  to   space 12800K, 0% used [0x00000000eb900000,0x00000000eb900000,0x00000000ec580000)
 ParOldGen       total 32768K, used 12576K [0x00000000a0000000, 0x00000000a2000000, 0x00000000e0000000)
  object space 32768K, 38% used [0x00000000a0000000,0x00000000a0c48010,0x00000000a2000000)
 Metaspace       used 33041K, capacity 33698K, committed 33920K, reserved 1079296K
  class space    used 4469K, capacity 4686K, committed 4736K, reserved 1048576K
}
Event: 11.839 GC heap before
{Heap before GC invocations=11 (full 1):
 PSYoungGen      total 134656K, used 38140K [0x00000000e0000000, 0x00000000ec580000, 0x0000000100000000)
  eden space 124928K, 22% used [0x00000000e0000000,0x00000000e1bc1ac0,0x00000000e7a00000)
  from space 9728K, 99% used [0x00000000e7a00000,0x00000000e837d6d0,0x00000000e8380000)
  to   space 12800K, 0% used [0x00000000eb900000,0x00000000eb900000,0x00000000ec580000)
 ParOldGen       total 32768K, used 12576K [0x00000000a0000000, 0x00000000a2000000, 0x00000000e0000000)
  object space 32768K, 38% used [0x00000000a0000000,0x00000000a0c48010,0x00000000a2000000)
 Metaspace       used 34670K, capacity 35432K, committed 35496K, reserved 1079296K
  class space    used 4583K, capacity 4811K, committed 4864K, reserved 1048576K
Event: 11.881 GC heap after
Heap after GC invocations=11 (full 1):
 PSYoungGen      total 188416K, used 7654K [0x00000000e0000000, 0x00000000ec500000, 0x0000000100000000)
  eden space 176128K, 0% used [0x00000000e0000000,0x00000000e0000000,0x00000000eac00000)
  from space 12288K, 62% used [0x00000000eb900000,0x00000000ec079bc8,0x00000000ec500000)
  to   space 12800K, 0% used [0x00000000eac00000,0x00000000eac00000,0x00000000eb880000)
 ParOldGen       total 32768K, used 12584K [0x00000000a0000000, 0x00000000a2000000, 0x00000000e0000000)
  object space 32768K, 38% used [0x00000000a0000000,0x00000000a0c4a010,0x00000000a2000000)
 Metaspace       used 34670K, capacity 35432K, committed 35496K, reserved 1079296K
  class space    used 4583K, capacity 4811K, committed 4864K, reserved 1048576K
}
Event: 11.881 GC heap before
{Heap before GC invocations=12 (full 2):
 PSYoungGen      total 188416K, used 7654K [0x00000000e0000000, 0x00000000ec500000, 0x0000000100000000)
  eden space 176128K, 0% used [0x00000000e0000000,0x00000000e0000000,0x00000000eac00000)
  from space 12288K, 62% used [0x00000000eb900000,0x00000000ec079bc8,0x00000000ec500000)
  to   space 12800K, 0% used [0x00000000eac00000,0x00000000eac00000,0x00000000eb880000)
 ParOldGen       total 32768K, used 12584K [0x00000000a0000000, 0x00000000a2000000, 0x00000000e0000000)
  object space 32768K, 38% used [0x00000000a0000000,0x00000000a0c4a010,0x00000000a2000000)
 Metaspace       used 34670K, capacity 35432K, committed 35496K, reserved 1079296K
  class space    used 4583K, capacity 4811K, committed 4864K, reserved 1048576K
Event: 12.068 GC heap after
Heap after GC invocations=12 (full 2):
 PSYoungGen      total 188416K, used 0K [0x00000000e0000000, 0x00000000ec500000, 0x0000000100000000)
  eden space 176128K, 0% used [0x00000000e0000000,0x00000000e0000000,0x00000000eac00000)
  from space 12288K, 0% used [0x00000000eb900000,0x00000000eb900000,0x00000000ec500000)
  to   space 12800K, 0% used [0x00000000eac00000,0x00000000eac00000,0x00000000eb880000)
 ParOldGen       total 49152K, used 14920K [0x00000000a0000000, 0x00000000a3000000, 0x00000000e0000000)
  object space 49152K, 30% used [0x00000000a0000000,0x00000000a0e923f0,0x00000000a3000000)
 Metaspace       used 34624K, capacity 35328K, committed 35496K, reserved 1079296K
  class space    used 4572K, capacity 4799K, committed 4864K, reserved 1048576K
}
Event: 24.028 GC heap before
{Heap before GC invocations=13 (full 2):
 PSYoungGen      total 188416K, used 176128K [0x00000000e0000000, 0x00000000ec500000, 0x0000000100000000)
  eden space 176128K, 100% used [0x00000000e0000000,0x00000000eac00000,0x00000000eac00000)
  from space 12288K, 0% used [0x00000000eb900000,0x00000000eb900000,0x00000000ec500000)
  to   space 12800K, 0% used [0x00000000eac00000,0x00000000eac00000,0x00000000eb880000)
 ParOldGen       total 49152K, used 14920K [0x00000000a0000000, 0x00000000a3000000, 0x00000000e0000000)
  object space 49152K, 30% used [0x00000000a0000000,0x00000000a0e923f0,0x00000000a3000000)
 Metaspace       used 47111K, capacity 48326K, committed 48640K, reserved 1091584K
  class space    used 6251K, capacity 6568K, committed 6656K, reserved 1048576K
Event: 24.104 GC heap after
Heap after GC invocations=13 (full 2):
 PSYoungGen      total 188928K, used 12797K [0x00000000e0000000, 0x00000000ec500000, 0x0000000100000000)
  eden space 176128K, 0% used [0x00000000e0000000,0x00000000e0000000,0x00000000eac00000)
  from space 12800K, 99% used [0x00000000eac00000,0x00000000eb87f4b8,0x00000000eb880000)
  to   space 12288K, 0% used [0x00000000eb900000,0x00000000eb900000,0x00000000ec500000)
 ParOldGen       total 49152K, used 23322K [0x00000000a0000000, 0x00000000a3000000, 0x00000000e0000000)
  object space 49152K, 47% used [0x00000000a0000000,0x00000000a16c68c0,0x00000000a3000000)
 Metaspace       used 47111K, capacity 48326K, committed 48640K, reserved 1091584K
  class space    used 6251K, capacity 6568K, committed 6656K, reserved 1048576K
}

