# JRE version: OpenJDK Runtime Environment (8.0_212-b04) (build 1.8.0_212-release-1586-b04)
# Java VM: OpenJDK 64-Bit Server VM (25.212-b04 mixed mode windows-amd64 compressed oops)
Heap:
 PSYoungGen      total 193536K, used 89018K [0x00000000e0000000, 0x00000000ecd00000, 0x0000000100000000)
  eden space 181248K, 49% used [0x00000000e0000000,0x00000000e56eea20,0x00000000eb100000)
  from space 12288K, 0% used [0x00000000ebe80000,0x00000000ebe80000,0x00000000eca80000)
  to   space 13824K, 0% used [0x00000000eb100000,0x00000000eb100000,0x00000000ebe80000)
 ParOldGen       total 49152K, used 18349K [0x00000000a0000000, 0x00000000a3000000, 0x00000000e0000000)
  object space 49152K, 37% used [0x00000000a0000000,0x00000000a11eb728,0x00000000a3000000)
 Metaspace       used 42947K, capacity 44164K, committed 44328K, reserved 1087488K
  class space    used 5824K, capacity 6111K, committed 6184K, reserved 1048576K
GC Heap History (10 events):
Event: 6.503 GC heap before
{Heap before GC invocations=8 (full 0):
 PSYoungGen      total 69632K, used 18197K [0x00000000e0000000, 0x00000000e8d00000, 0x0000000100000000)
  eden space 62464K, 17% used [0x00000000e0000000,0x00000000e0acc818,0x00000000e3d00000)
  from space 7168K, 99% used [0x00000000e3d00000,0x00000000e43f8da0,0x00000000e4400000)
  to   space 9728K, 0% used [0x00000000e8380000,0x00000000e8380000,0x00000000e8d00000)
 ParOldGen       total 42496K, used 7752K [0x00000000a0000000, 0x00000000a2980000, 0x00000000e0000000)
  object space 42496K, 18% used [0x00000000a0000000,0x00000000a0792190,0x00000000a2980000)
 Metaspace       used 20714K, capacity 21190K, committed 21296K, reserved 1067008K
  class space    used 2990K, capacity 3136K, committed 3200K, reserved 1048576K
Event: 6.565 GC heap after
Heap after GC invocations=8 (full 0):
 PSYoungGen      total 134656K, used 5572K [0x00000000e0000000, 0x00000000e8d00000, 0x0000000100000000)
  eden space 124928K, 0% used [0x00000000e0000000,0x00000000e0000000,0x00000000e7a00000)
  from space 9728K, 57% used [0x00000000e8380000,0x00000000e88f1220,0x00000000e8d00000)
  to   space 9728K, 0% used [0x00000000e7a00000,0x00000000e7a00000,0x00000000e8380000)
 ParOldGen       total 42496K, used 8448K [0x00000000a0000000, 0x00000000a2980000, 0x00000000e0000000)
  object space 42496K, 19% used [0x00000000a0000000,0x00000000a0840190,0x00000000a2980000)
 Metaspace       used 20714K, capacity 21190K, committed 21296K, reserved 1067008K
  class space    used 2990K, capacity 3136K, committed 3200K, reserved 1048576K
}
Event: 6.565 GC heap before
{Heap before GC invocations=9 (full 1):
 PSYoungGen      total 134656K, used 5572K [0x00000000e0000000, 0x00000000e8d00000, 0x0000000100000000)
  eden space 124928K, 0% used [0x00000000e0000000,0x00000000e0000000,0x00000000e7a00000)
  from space 9728K, 57% used [0x00000000e8380000,0x00000000e88f1220,0x00000000e8d00000)
  to   space 9728K, 0% used [0x00000000e7a00000,0x00000000e7a00000,0x00000000e8380000)
 ParOldGen       total 42496K, used 8448K [0x00000000a0000000, 0x00000000a2980000, 0x00000000e0000000)
  object space 42496K, 19% used [0x00000000a0000000,0x00000000a0840190,0x00000000a2980000)
 Metaspace       used 20714K, capacity 21190K, committed 21296K, reserved 1067008K
  class space    used 2990K, capacity 3136K, committed 3200K, reserved 1048576K
Event: 6.685 GC heap after
Heap after GC invocations=9 (full 1):
 PSYoungGen      total 134656K, used 0K [0x00000000e0000000, 0x00000000e8d00000, 0x0000000100000000)
  eden space 124928K, 0% used [0x00000000e0000000,0x00000000e0000000,0x00000000e7a00000)
  from space 9728K, 0% used [0x00000000e8380000,0x00000000e8380000,0x00000000e8d00000)
  to   space 9728K, 0% used [0x00000000e7a00000,0x00000000e7a00000,0x00000000e8380000)
 ParOldGen       total 34304K, used 10414K [0x00000000a0000000, 0x00000000a2180000, 0x00000000e0000000)
  object space 34304K, 30% used [0x00000000a0000000,0x00000000a0a2b850,0x00000000a2180000)
 Metaspace       used 20714K, capacity 21190K, committed 21296K, reserved 1067008K
  class space    used 2990K, capacity 3136K, committed 3200K, reserved 1048576K
}
Event: 9.727 GC heap before
{Heap before GC invocations=10 (full 1):
 PSYoungGen      total 134656K, used 124928K [0x00000000e0000000, 0x00000000e8d00000, 0x0000000100000000)
  eden space 124928K, 100% used [0x00000000e0000000,0x00000000e7a00000,0x00000000e7a00000)
  from space 9728K, 0% used [0x00000000e8380000,0x00000000e8380000,0x00000000e8d00000)
  to   space 9728K, 0% used [0x00000000e7a00000,0x00000000e7a00000,0x00000000e8380000)
 ParOldGen       total 34304K, used 10414K [0x00000000a0000000, 0x00000000a2180000, 0x00000000e0000000)
  object space 34304K, 30% used [0x00000000a0000000,0x00000000a0a2b850,0x00000000a2180000)
 Metaspace       used 31928K, capacity 32628K, committed 32768K, reserved 1077248K
  class space    used 4314K, capacity 4545K, committed 4608K, reserved 1048576K
Event: 10.039 GC heap after
Heap after GC invocations=10 (full 1):
 PSYoungGen      total 134656K, used 9705K [0x00000000e0000000, 0x00000000eca80000, 0x0000000100000000)
  eden space 124928K, 0% used [0x00000000e0000000,0x00000000e0000000,0x00000000e7a00000)
  from space 9728K, 99% used [0x00000000e7a00000,0x00000000e837a548,0x00000000e8380000)
  to   space 12288K, 0% used [0x00000000ebe80000,0x00000000ebe80000,0x00000000eca80000)
 ParOldGen       total 34304K, used 13113K [0x00000000a0000000, 0x00000000a2180000, 0x00000000e0000000)
  object space 34304K, 38% used [0x00000000a0000000,0x00000000a0cce710,0x00000000a2180000)
 Metaspace       used 31928K, capacity 32628K, committed 32768K, reserved 1077248K
  class space    used 4314K, capacity 4545K, committed 4608K, reserved 1048576K
}
Event: 11.030 GC heap before
{Heap before GC invocations=11 (full 1):
 PSYoungGen      total 134656K, used 76267K [0x00000000e0000000, 0x00000000eca80000, 0x0000000100000000)
  eden space 124928K, 53% used [0x00000000e0000000,0x00000000e4100748,0x00000000e7a00000)
  from space 9728K, 99% used [0x00000000e7a00000,0x00000000e837a548,0x00000000e8380000)
  to   space 12288K, 0% used [0x00000000ebe80000,0x00000000ebe80000,0x00000000eca80000)
 ParOldGen       total 34304K, used 13113K [0x00000000a0000000, 0x00000000a2180000, 0x00000000e0000000)
  object space 34304K, 38% used [0x00000000a0000000,0x00000000a0cce710,0x00000000a2180000)
 Metaspace       used 34721K, capacity 35434K, committed 35496K, reserved 1079296K
  class space    used 4783K, capacity 5026K, committed 5032K, reserved 1048576K
Event: 11.087 GC heap after
Heap after GC invocations=11 (full 1):
 PSYoungGen      total 193536K, used 11324K [0x00000000e0000000, 0x00000000ecd00000, 0x0000000100000000)
  eden space 181248K, 0% used [0x00000000e0000000,0x00000000e0000000,0x00000000eb100000)
  from space 12288K, 92% used [0x00000000ebe80000,0x00000000ec98f088,0x00000000eca80000)
  to   space 13824K, 0% used [0x00000000eb100000,0x00000000eb100000,0x00000000ebe80000)
 ParOldGen       total 34304K, used 13121K [0x00000000a0000000, 0x00000000a2180000, 0x00000000e0000000)
  object space 34304K, 38% used [0x00000000a0000000,0x00000000a0cd0710,0x00000000a2180000)
 Metaspace       used 34721K, capacity 35434K, committed 35496K, reserved 1079296K
  class space    used 4783K, capacity 5026K, committed 5032K, reserved 1048576K
}
Event: 11.087 GC heap before
{Heap before GC invocations=12 (full 2):
 PSYoungGen      total 193536K, used 11324K [0x00000000e0000000, 0x00000000ecd00000, 0x0000000100000000)
  eden space 181248K, 0% used [0x00000000e0000000,0x00000000e0000000,0x00000000eb100000)
  from space 12288K, 92% used [0x00000000ebe80000,0x00000000ec98f088,0x00000000eca80000)
  to   space 13824K, 0% used [0x00000000eb100000,0x00000000eb100000,0x00000000ebe80000)
 ParOldGen       total 34304K, used 13121K [0x00000000a0000000, 0x00000000a2180000, 0x00000000e0000000)
  object space 34304K, 38% used [0x00000000a0000000,0x00000000a0cd0710,0x00000000a2180000)
 Metaspace       used 34721K, capacity 35434K, committed 35496K, reserved 1079296K
  class space    used 4783K, capacity 5026K, committed 5032K, reserved 1048576K
Event: 11.222 GC heap after
Heap after GC invocations=12 (full 2):
 PSYoungGen      total 193536K, used 0K [0x00000000e0000000, 0x00000000ecd00000, 0x0000000100000000)
  eden space 181248K, 0% used [0x00000000e0000000,0x00000000e0000000,0x00000000eb100000)
  from space 12288K, 0% used [0x00000000ebe80000,0x00000000ebe80000,0x00000000eca80000)
  to   space 13824K, 0% used [0x00000000eb100000,0x00000000eb100000,0x00000000ebe80000)
 ParOldGen       total 49152K, used 18349K [0x00000000a0000000, 0x00000000a3000000, 0x00000000e0000000)
  object space 49152K, 37% used [0x00000000a0000000,0x00000000a11eb728,0x00000000a3000000)
 Metaspace       used 34721K, capacity 35434K, committed 35496K, reserved 1079296K
  class space    used 4783K, capacity 5026K, committed 5032K, reserved 1048576K
}

