# JRE version: OpenJDK Runtime Environment (8.0_212-b04) (build 1.8.0_212-release-1586-b04)
# Java VM: OpenJDK 64-Bit Server VM (25.212-b04 mixed mode windows-amd64 compressed oops)
Heap:
 PSYoungGen      total 186368K, used 127572K [0x00000000e0000000, 0x00000000ec500000, 0x0000000100000000)
  eden space 175616K, 72% used [0x00000000e0000000,0x00000000e7c95250,0x00000000eab80000)
  from space 10752K, 0% used [0x00000000eba80000,0x00000000eba80000,0x00000000ec500000)
  to   space 12800K, 0% used [0x00000000eac00000,0x00000000eac00000,0x00000000eb880000)
 ParOldGen       total 49152K, used 35010K [0x00000000a0000000, 0x00000000a3000000, 0x00000000e0000000)
  object space 49152K, 71% used [0x00000000a0000000,0x00000000a22308a8,0x00000000a3000000)
 Metaspace       used 60343K, capacity 62427K, committed 62592K, reserved 1103872K
  class space    used 8253K, capacity 8735K, committed 8832K, reserved 1048576K
GC Heap History (10 events):
Event: 13.560 GC heap before
{Heap before GC invocations=11 (full 1):
 PSYoungGen      total 134144K, used 81144K [0x00000000e0000000, 0x00000000ec600000, 0x0000000100000000)
  eden space 124928K, 57% used [0x00000000e0000000,0x00000000e4640a80,0x00000000e7a00000)
  from space 9216K, 99% used [0x00000000e7a00000,0x00000000e82fd5b0,0x00000000e8300000)
  to   space 11776K, 0% used [0x00000000eba80000,0x00000000eba80000,0x00000000ec600000)
 ParOldGen       total 31744K, used 10431K [0x00000000a0000000, 0x00000000a1f00000, 0x00000000e0000000)
  object space 31744K, 32% used [0x00000000a0000000,0x00000000a0a2fff0,0x00000000a1f00000)
 Metaspace       used 34647K, capacity 35380K, committed 35456K, reserved 1079296K
  class space    used 4754K, capacity 4939K, committed 4992K, reserved 1048576K
Event: 13.585 GC heap after
Heap after GC invocations=11 (full 1):
 PSYoungGen      total 186368K, used 10619K [0x00000000e0000000, 0x00000000ec500000, 0x0000000100000000)
  eden space 175616K, 0% used [0x00000000e0000000,0x00000000e0000000,0x00000000eab80000)
  from space 10752K, 98% used [0x00000000eba80000,0x00000000ec4ded98,0x00000000ec500000)
  to   space 12800K, 0% used [0x00000000eac00000,0x00000000eac00000,0x00000000eb880000)
 ParOldGen       total 31744K, used 10439K [0x00000000a0000000, 0x00000000a1f00000, 0x00000000e0000000)
  object space 31744K, 32% used [0x00000000a0000000,0x00000000a0a31ff0,0x00000000a1f00000)
 Metaspace       used 34647K, capacity 35380K, committed 35456K, reserved 1079296K
  class space    used 4754K, capacity 4939K, committed 4992K, reserved 1048576K
}
Event: 13.585 GC heap before
{Heap before GC invocations=12 (full 2):
 PSYoungGen      total 186368K, used 10619K [0x00000000e0000000, 0x00000000ec500000, 0x0000000100000000)
  eden space 175616K, 0% used [0x00000000e0000000,0x00000000e0000000,0x00000000eab80000)
  from space 10752K, 98% used [0x00000000eba80000,0x00000000ec4ded98,0x00000000ec500000)
  to   space 12800K, 0% used [0x00000000eac00000,0x00000000eac00000,0x00000000eb880000)
 ParOldGen       total 31744K, used 10439K [0x00000000a0000000, 0x00000000a1f00000, 0x00000000e0000000)
  object space 31744K, 32% used [0x00000000a0000000,0x00000000a0a31ff0,0x00000000a1f00000)
 Metaspace       used 34647K, capacity 35380K, committed 35456K, reserved 1079296K
  class space    used 4754K, capacity 4939K, committed 4992K, reserved 1048576K
Event: 13.703 GC heap after
Heap after GC invocations=12 (full 2):
 PSYoungGen      total 186368K, used 0K [0x00000000e0000000, 0x00000000ec500000, 0x0000000100000000)
  eden space 175616K, 0% used [0x00000000e0000000,0x00000000e0000000,0x00000000eab80000)
  from space 10752K, 0% used [0x00000000eba80000,0x00000000eba80000,0x00000000ec500000)
  to   space 12800K, 0% used [0x00000000eac00000,0x00000000eac00000,0x00000000eb880000)
 ParOldGen       total 49152K, used 17527K [0x00000000a0000000, 0x00000000a3000000, 0x00000000e0000000)
  object space 49152K, 35% used [0x00000000a0000000,0x00000000a111ded0,0x00000000a3000000)
 Metaspace       used 34643K, capacity 35368K, committed 35456K, reserved 1079296K
  class space    used 4753K, capacity 4937K, committed 4992K, reserved 1048576K
}
Event: 21.691 GC heap before
{Heap before GC invocations=13 (full 2):
 PSYoungGen      total 186368K, used 175616K [0x00000000e0000000, 0x00000000ec500000, 0x0000000100000000)
  eden space 175616K, 100% used [0x00000000e0000000,0x00000000eab80000,0x00000000eab80000)
  from space 10752K, 0% used [0x00000000eba80000,0x00000000eba80000,0x00000000ec500000)
  to   space 12800K, 0% used [0x00000000eac00000,0x00000000eac00000,0x00000000eb880000)
 ParOldGen       total 49152K, used 17527K [0x00000000a0000000, 0x00000000a3000000, 0x00000000e0000000)
  object space 49152K, 35% used [0x00000000a0000000,0x00000000a111ded0,0x00000000a3000000)
 Metaspace       used 51424K, capacity 53024K, committed 53248K, reserved 1095680K
  class space    used 7015K, capacity 7379K, committed 7424K, reserved 1048576K
Event: 21.726 GC heap after
Heap after GC invocations=13 (full 2):
 PSYoungGen      total 188416K, used 12792K [0x00000000e0000000, 0x00000000ec500000, 0x0000000100000000)
  eden space 175616K, 0% used [0x00000000e0000000,0x00000000e0000000,0x00000000eab80000)
  from space 12800K, 99% used [0x00000000eac00000,0x00000000eb87e2a0,0x00000000eb880000)
  to   space 10752K, 0% used [0x00000000eba80000,0x00000000eba80000,0x00000000ec500000)
 ParOldGen       total 49152K, used 26720K [0x00000000a0000000, 0x00000000a3000000, 0x00000000e0000000)
  object space 49152K, 54% used [0x00000000a0000000,0x00000000a1a18268,0x00000000a3000000)
 Metaspace       used 51424K, capacity 53024K, committed 53248K, reserved 1095680K
  class space    used 7015K, capacity 7379K, committed 7424K, reserved 1048576K
}
Event: 24.656 GC heap before
{Heap before GC invocations=14 (full 2):
 PSYoungGen      total 188416K, used 102012K [0x00000000e0000000, 0x00000000ec500000, 0x0000000100000000)
  eden space 175616K, 50% used [0x00000000e0000000,0x00000000e5720d68,0x00000000eab80000)
  from space 12800K, 99% used [0x00000000eac00000,0x00000000eb87e2a0,0x00000000eb880000)
  to   space 10752K, 0% used [0x00000000eba80000,0x00000000eba80000,0x00000000ec500000)
 ParOldGen       total 49152K, used 26720K [0x00000000a0000000, 0x00000000a3000000, 0x00000000e0000000)
  object space 49152K, 54% used [0x00000000a0000000,0x00000000a1a18268,0x00000000a3000000)
 Metaspace       used 57314K, capacity 59067K, committed 59096K, reserved 1099776K
  class space    used 7911K, capacity 8320K, committed 8320K, reserved 1048576K
Event: 24.720 GC heap after
Heap after GC invocations=14 (full 2):
 PSYoungGen      total 186368K, used 10481K [0x00000000e0000000, 0x00000000ec500000, 0x0000000100000000)
  eden space 175616K, 0% used [0x00000000e0000000,0x00000000e0000000,0x00000000eab80000)
  from space 10752K, 97% used [0x00000000eba80000,0x00000000ec4bc688,0x00000000ec500000)
  to   space 12800K, 0% used [0x00000000eac00000,0x00000000eac00000,0x00000000eb880000)
 ParOldGen       total 49152K, used 37417K [0x00000000a0000000, 0x00000000a3000000, 0x00000000e0000000)
  object space 49152K, 76% used [0x00000000a0000000,0x00000000a248a660,0x00000000a3000000)
 Metaspace       used 57314K, capacity 59067K, committed 59096K, reserved 1099776K
  class space    used 7911K, capacity 8320K, committed 8320K, reserved 1048576K
}
Event: 24.720 GC heap before
{Heap before GC invocations=15 (full 3):
 PSYoungGen      total 186368K, used 10481K [0x00000000e0000000, 0x00000000ec500000, 0x0000000100000000)
  eden space 175616K, 0% used [0x00000000e0000000,0x00000000e0000000,0x00000000eab80000)
  from space 10752K, 97% used [0x00000000eba80000,0x00000000ec4bc688,0x00000000ec500000)
  to   space 12800K, 0% used [0x00000000eac00000,0x00000000eac00000,0x00000000eb880000)
 ParOldGen       total 49152K, used 37417K [0x00000000a0000000, 0x00000000a3000000, 0x00000000e0000000)
  object space 49152K, 76% used [0x00000000a0000000,0x00000000a248a660,0x00000000a3000000)
 Metaspace       used 57314K, capacity 59067K, committed 59096K, reserved 1099776K
  class space    used 7911K, capacity 8320K, committed 8320K, reserved 1048576K
Event: 25.029 GC heap after
Heap after GC invocations=15 (full 3):
 PSYoungGen      total 186368K, used 0K [0x00000000e0000000, 0x00000000ec500000, 0x0000000100000000)
  eden space 175616K, 0% used [0x00000000e0000000,0x00000000e0000000,0x00000000eab80000)
  from space 10752K, 0% used [0x00000000eba80000,0x00000000eba80000,0x00000000ec500000)
  to   space 12800K, 0% used [0x00000000eac00000,0x00000000eac00000,0x00000000eb880000)
 ParOldGen       total 49152K, used 35010K [0x00000000a0000000, 0x00000000a3000000, 0x00000000e0000000)
  object space 49152K, 71% used [0x00000000a0000000,0x00000000a22308a8,0x00000000a3000000)
 Metaspace       used 57314K, capacity 59067K, committed 59096K, reserved 1099776K
  class space    used 7911K, capacity 8320K, committed 8320K, reserved 1048576K
}

