# JRE version: OpenJDK Runtime Environment (8.0_212-b04) (build 1.8.0_212-release-1586-b04)
# Java VM: OpenJDK 64-Bit Server VM (25.212-b04 mixed mode windows-amd64 compressed oops)
Heap:
 PSYoungGen      total 134656K, used 78324K [0x00000000e0000000, 0x00000000e8d00000, 0x0000000100000000)
  eden space 124928K, 62% used [0x00000000e0000000,0x00000000e4c7d088,0x00000000e7a00000)
  from space 9728K, 0% used [0x00000000e8380000,0x00000000e8380000,0x00000000e8d00000)
  to   space 9728K, 0% used [0x00000000e7a00000,0x00000000e7a00000,0x00000000e8380000)
 ParOldGen       total 32768K, used 18446K [0x00000000a0000000, 0x00000000a2000000, 0x00000000e0000000)
  object space 32768K, 56% used [0x00000000a0000000,0x00000000a1203898,0x00000000a2000000)
 Metaspace       used 41979K, capacity 43166K, committed 43392K, reserved 1087488K
  class space    used 5671K, capacity 5954K, committed 6016K, reserved 1048576K
GC Heap History (10 events):
Event: 7.703 GC heap before
{Heap before GC invocations=8 (full 0):
 PSYoungGen      total 69632K, used 18175K [0x00000000e0000000, 0x00000000e8d00000, 0x0000000100000000)
  eden space 62464K, 17% used [0x00000000e0000000,0x00000000e0ac3500,0x00000000e3d00000)
  from space 7168K, 99% used [0x00000000e3d00000,0x00000000e43fc8a8,0x00000000e4400000)
  to   space 9728K, 0% used [0x00000000e8380000,0x00000000e8380000,0x00000000e8d00000)
 ParOldGen       total 42496K, used 7617K [0x00000000a0000000, 0x00000000a2980000, 0x00000000e0000000)
  object space 42496K, 17% used [0x00000000a0000000,0x00000000a0770660,0x00000000a2980000)
 Metaspace       used 20726K, capacity 21234K, committed 21296K, reserved 1067008K
  class space    used 3005K, capacity 3168K, committed 3200K, reserved 1048576K
Event: 7.719 GC heap after
Heap after GC invocations=8 (full 0):
 PSYoungGen      total 134656K, used 5600K [0x00000000e0000000, 0x00000000e8d00000, 0x0000000100000000)
  eden space 124928K, 0% used [0x00000000e0000000,0x00000000e0000000,0x00000000e7a00000)
  from space 9728K, 57% used [0x00000000e8380000,0x00000000e88f8380,0x00000000e8d00000)
  to   space 9728K, 0% used [0x00000000e7a00000,0x00000000e7a00000,0x00000000e8380000)
 ParOldGen       total 42496K, used 8305K [0x00000000a0000000, 0x00000000a2980000, 0x00000000e0000000)
  object space 42496K, 19% used [0x00000000a0000000,0x00000000a081c660,0x00000000a2980000)
 Metaspace       used 20726K, capacity 21234K, committed 21296K, reserved 1067008K
  class space    used 3005K, capacity 3168K, committed 3200K, reserved 1048576K
}
Event: 7.719 GC heap before
{Heap before GC invocations=9 (full 1):
 PSYoungGen      total 134656K, used 5600K [0x00000000e0000000, 0x00000000e8d00000, 0x0000000100000000)
  eden space 124928K, 0% used [0x00000000e0000000,0x00000000e0000000,0x00000000e7a00000)
  from space 9728K, 57% used [0x00000000e8380000,0x00000000e88f8380,0x00000000e8d00000)
  to   space 9728K, 0% used [0x00000000e7a00000,0x00000000e7a00000,0x00000000e8380000)
 ParOldGen       total 42496K, used 8305K [0x00000000a0000000, 0x00000000a2980000, 0x00000000e0000000)
  object space 42496K, 19% used [0x00000000a0000000,0x00000000a081c660,0x00000000a2980000)
 Metaspace       used 20726K, capacity 21234K, committed 21296K, reserved 1067008K
  class space    used 3005K, capacity 3168K, committed 3200K, reserved 1048576K
Event: 7.809 GC heap after
Heap after GC invocations=9 (full 1):
 PSYoungGen      total 134656K, used 0K [0x00000000e0000000, 0x00000000e8d00000, 0x0000000100000000)
  eden space 124928K, 0% used [0x00000000e0000000,0x00000000e0000000,0x00000000e7a00000)
  from space 9728K, 0% used [0x00000000e8380000,0x00000000e8380000,0x00000000e8d00000)
  to   space 9728K, 0% used [0x00000000e7a00000,0x00000000e7a00000,0x00000000e8380000)
 ParOldGen       total 32768K, used 8584K [0x00000000a0000000, 0x00000000a2000000, 0x00000000e0000000)
  object space 32768K, 26% used [0x00000000a0000000,0x00000000a0862118,0x00000000a2000000)
 Metaspace       used 20726K, capacity 21234K, committed 21296K, reserved 1067008K
  class space    used 3005K, capacity 3168K, committed 3200K, reserved 1048576K
}
Event: 10.981 GC heap before
{Heap before GC invocations=10 (full 1):
 PSYoungGen      total 134656K, used 124928K [0x00000000e0000000, 0x00000000e8d00000, 0x0000000100000000)
  eden space 124928K, 100% used [0x00000000e0000000,0x00000000e7a00000,0x00000000e7a00000)
  from space 9728K, 0% used [0x00000000e8380000,0x00000000e8380000,0x00000000e8d00000)
  to   space 9728K, 0% used [0x00000000e7a00000,0x00000000e7a00000,0x00000000e8380000)
 ParOldGen       total 32768K, used 8584K [0x00000000a0000000, 0x00000000a2000000, 0x00000000e0000000)
  object space 32768K, 26% used [0x00000000a0000000,0x00000000a0862118,0x00000000a2000000)
 Metaspace       used 31800K, capacity 32576K, committed 32768K, reserved 1077248K
  class space    used 4306K, capacity 4545K, committed 4608K, reserved 1048576K
Event: 11.035 GC heap after
Heap after GC invocations=10 (full 1):
 PSYoungGen      total 134656K, used 9708K [0x00000000e0000000, 0x00000000e8d00000, 0x0000000100000000)
  eden space 124928K, 0% used [0x00000000e0000000,0x00000000e0000000,0x00000000e7a00000)
  from space 9728K, 99% used [0x00000000e7a00000,0x00000000e837b0b8,0x00000000e8380000)
  to   space 9728K, 0% used [0x00000000e8380000,0x00000000e8380000,0x00000000e8d00000)
 ParOldGen       total 32768K, used 11099K [0x00000000a0000000, 0x00000000a2000000, 0x00000000e0000000)
  object space 32768K, 33% used [0x00000000a0000000,0x00000000a0ad6db0,0x00000000a2000000)
 Metaspace       used 31800K, capacity 32576K, committed 32768K, reserved 1077248K
  class space    used 4306K, capacity 4545K, committed 4608K, reserved 1048576K
}
Event: 11.858 GC heap before
{Heap before GC invocations=11 (full 1):
 PSYoungGen      total 134656K, used 74067K [0x00000000e0000000, 0x00000000e8d00000, 0x0000000100000000)
  eden space 124928K, 51% used [0x00000000e0000000,0x00000000e3ed9d60,0x00000000e7a00000)
  from space 9728K, 99% used [0x00000000e7a00000,0x00000000e837b0b8,0x00000000e8380000)
  to   space 9728K, 0% used [0x00000000e8380000,0x00000000e8380000,0x00000000e8d00000)
 ParOldGen       total 32768K, used 11099K [0x00000000a0000000, 0x00000000a2000000, 0x00000000e0000000)
  object space 32768K, 33% used [0x00000000a0000000,0x00000000a0ad6db0,0x00000000a2000000)
 Metaspace       used 34583K, capacity 35382K, committed 35496K, reserved 1079296K
  class space    used 4773K, capacity 5026K, committed 5120K, reserved 1048576K
Event: 11.909 GC heap after
Heap after GC invocations=11 (full 1):
 PSYoungGen      total 134656K, used 9707K [0x00000000e0000000, 0x00000000e8d00000, 0x0000000100000000)
  eden space 124928K, 0% used [0x00000000e0000000,0x00000000e0000000,0x00000000e7a00000)
  from space 9728K, 99% used [0x00000000e8380000,0x00000000e8cfaec0,0x00000000e8d00000)
  to   space 9728K, 0% used [0x00000000e7a00000,0x00000000e7a00000,0x00000000e8380000)
 ParOldGen       total 32768K, used 12592K [0x00000000a0000000, 0x00000000a2000000, 0x00000000e0000000)
  object space 32768K, 38% used [0x00000000a0000000,0x00000000a0c4c200,0x00000000a2000000)
 Metaspace       used 34583K, capacity 35382K, committed 35496K, reserved 1079296K
  class space    used 4773K, capacity 5026K, committed 5120K, reserved 1048576K
}
Event: 11.909 GC heap before
{Heap before GC invocations=12 (full 2):
 PSYoungGen      total 134656K, used 9707K [0x00000000e0000000, 0x00000000e8d00000, 0x0000000100000000)
  eden space 124928K, 0% used [0x00000000e0000000,0x00000000e0000000,0x00000000e7a00000)
  from space 9728K, 99% used [0x00000000e8380000,0x00000000e8cfaec0,0x00000000e8d00000)
  to   space 9728K, 0% used [0x00000000e7a00000,0x00000000e7a00000,0x00000000e8380000)
 ParOldGen       total 32768K, used 12592K [0x00000000a0000000, 0x00000000a2000000, 0x00000000e0000000)
  object space 32768K, 38% used [0x00000000a0000000,0x00000000a0c4c200,0x00000000a2000000)
 Metaspace       used 34583K, capacity 35382K, committed 35496K, reserved 1079296K
  class space    used 4773K, capacity 5026K, committed 5120K, reserved 1048576K
Event: 12.016 GC heap after
Heap after GC invocations=12 (full 2):
 PSYoungGen      total 134656K, used 0K [0x00000000e0000000, 0x00000000e8d00000, 0x0000000100000000)
  eden space 124928K, 0% used [0x00000000e0000000,0x00000000e0000000,0x00000000e7a00000)
  from space 9728K, 0% used [0x00000000e8380000,0x00000000e8380000,0x00000000e8d00000)
  to   space 9728K, 0% used [0x00000000e7a00000,0x00000000e7a00000,0x00000000e8380000)
 ParOldGen       total 32768K, used 18446K [0x00000000a0000000, 0x00000000a2000000, 0x00000000e0000000)
  object space 32768K, 56% used [0x00000000a0000000,0x00000000a1203898,0x00000000a2000000)
 Metaspace       used 34583K, capacity 35382K, committed 35496K, reserved 1079296K
  class space    used 4773K, capacity 5026K, committed 5120K, reserved 1048576K
}

