# JRE version: OpenJDK Runtime Environment (8.0_212-b04) (build 1.8.0_212-release-1586-b04)
# Java VM: OpenJDK 64-Bit Server VM (25.212-b04 mixed mode windows-amd64 compressed oops)
Heap:
 PSYoungGen      total 134656K, used 48646K [0x00000000e0000000, 0x00000000ebf80000, 0x0000000100000000)
  eden space 124928K, 31% used [0x00000000e0000000,0x00000000e2606918,0x00000000e7a00000)
  from space 9728K, 99% used [0x00000000e7a00000,0x00000000e837b0b8,0x00000000e8380000)
  to   space 12288K, 0% used [0x00000000eb380000,0x00000000eb380000,0x00000000ebf80000)
 ParOldGen       total 33792K, used 11228K [0x00000000a0000000, 0x00000000a2100000, 0x00000000e0000000)
  object space 33792K, 33% used [0x00000000a0000000,0x00000000a0af71c0,0x00000000a2100000)
 Metaspace       used 33748K, capacity 34526K, committed 34560K, reserved 1079296K
  class space    used 4606K, capacity 4852K, committed 4864K, reserved 1048576K
GC Heap History (10 events):
Event: 3.268 GC heap before
{Heap before GC invocations=6 (full 0):
 PSYoungGen      total 34304K, used 34288K [0x00000000e0000000, 0x00000000e4a00000, 0x0000000100000000)
  eden space 31744K, 100% used [0x00000000e0000000,0x00000000e1f00000,0x00000000e1f00000)
  from space 2560K, 99% used [0x00000000e1f00000,0x00000000e217c010,0x00000000e2180000)
  to   space 6144K, 0% used [0x00000000e4400000,0x00000000e4400000,0x00000000e4a00000)
 ParOldGen       total 42496K, used 4716K [0x00000000a0000000, 0x00000000a2980000, 0x00000000e0000000)
  object space 42496K, 11% used [0x00000000a0000000,0x00000000a049b3f8,0x00000000a2980000)
 Metaspace       used 14473K, capacity 14870K, committed 14976K, reserved 1062912K
  class space    used 2001K, capacity 2127K, committed 2176K, reserved 1048576K
Event: 3.279 GC heap after
Heap after GC invocations=6 (full 0):
 PSYoungGen      total 68608K, used 5997K [0x00000000e0000000, 0x00000000e4c00000, 0x0000000100000000)
  eden space 62464K, 0% used [0x00000000e0000000,0x00000000e0000000,0x00000000e3d00000)
  from space 6144K, 97% used [0x00000000e4400000,0x00000000e49db7e0,0x00000000e4a00000)
  to   space 7168K, 0% used [0x00000000e3d00000,0x00000000e3d00000,0x00000000e4400000)
 ParOldGen       total 42496K, used 4724K [0x00000000a0000000, 0x00000000a2980000, 0x00000000e0000000)
  object space 42496K, 11% used [0x00000000a0000000,0x00000000a049d3f8,0x00000000a2980000)
 Metaspace       used 14473K, capacity 14870K, committed 14976K, reserved 1062912K
  class space    used 2001K, capacity 2127K, committed 2176K, reserved 1048576K
}
Event: 5.573 GC heap before
{Heap before GC invocations=7 (full 0):
 PSYoungGen      total 68608K, used 68461K [0x00000000e0000000, 0x00000000e4c00000, 0x0000000100000000)
  eden space 62464K, 100% used [0x00000000e0000000,0x00000000e3d00000,0x00000000e3d00000)
  from space 6144K, 97% used [0x00000000e4400000,0x00000000e49db7e0,0x00000000e4a00000)
  to   space 7168K, 0% used [0x00000000e3d00000,0x00000000e3d00000,0x00000000e4400000)
 ParOldGen       total 42496K, used 4724K [0x00000000a0000000, 0x00000000a2980000, 0x00000000e0000000)
  object space 42496K, 11% used [0x00000000a0000000,0x00000000a049d3f8,0x00000000a2980000)
 Metaspace       used 19387K, capacity 19926K, committed 20224K, reserved 1067008K
  class space    used 2794K, capacity 2971K, committed 3072K, reserved 1048576K
Event: 5.601 GC heap after
Heap after GC invocations=7 (full 0):
 PSYoungGen      total 69632K, used 7139K [0x00000000e0000000, 0x00000000e8d00000, 0x0000000100000000)
  eden space 62464K, 0% used [0x00000000e0000000,0x00000000e0000000,0x00000000e3d00000)
  from space 7168K, 99% used [0x00000000e3d00000,0x00000000e43f8de0,0x00000000e4400000)
  to   space 9728K, 0% used [0x00000000e8380000,0x00000000e8380000,0x00000000e8d00000)
 ParOldGen       total 42496K, used 7554K [0x00000000a0000000, 0x00000000a2980000, 0x00000000e0000000)
  object space 42496K, 17% used [0x00000000a0000000,0x00000000a0760a00,0x00000000a2980000)
 Metaspace       used 19387K, capacity 19926K, committed 20224K, reserved 1067008K
  class space    used 2794K, capacity 2971K, committed 3072K, reserved 1048576K
}
Event: 6.000 GC heap before
{Heap before GC invocations=8 (full 0):
 PSYoungGen      total 69632K, used 19136K [0x00000000e0000000, 0x00000000e8d00000, 0x0000000100000000)
  eden space 62464K, 19% used [0x00000000e0000000,0x00000000e0bb74d8,0x00000000e3d00000)
  from space 7168K, 99% used [0x00000000e3d00000,0x00000000e43f8de0,0x00000000e4400000)
  to   space 9728K, 0% used [0x00000000e8380000,0x00000000e8380000,0x00000000e8d00000)
 ParOldGen       total 42496K, used 7554K [0x00000000a0000000, 0x00000000a2980000, 0x00000000e0000000)
  object space 42496K, 17% used [0x00000000a0000000,0x00000000a0760a00,0x00000000a2980000)
 Metaspace       used 20739K, capacity 21194K, committed 21296K, reserved 1067008K
  class space    used 2992K, capacity 3136K, committed 3200K, reserved 1048576K
Event: 6.023 GC heap after
Heap after GC invocations=8 (full 0):
 PSYoungGen      total 134656K, used 5608K [0x00000000e0000000, 0x00000000e8d00000, 0x0000000100000000)
  eden space 124928K, 0% used [0x00000000e0000000,0x00000000e0000000,0x00000000e7a00000)
  from space 9728K, 57% used [0x00000000e8380000,0x00000000e88fa240,0x00000000e8d00000)
  to   space 9728K, 0% used [0x00000000e7a00000,0x00000000e7a00000,0x00000000e8380000)
 ParOldGen       total 42496K, used 8194K [0x00000000a0000000, 0x00000000a2980000, 0x00000000e0000000)
  object space 42496K, 19% used [0x00000000a0000000,0x00000000a0800a00,0x00000000a2980000)
 Metaspace       used 20739K, capacity 21194K, committed 21296K, reserved 1067008K
  class space    used 2992K, capacity 3136K, committed 3200K, reserved 1048576K
}
Event: 6.023 GC heap before
{Heap before GC invocations=9 (full 1):
 PSYoungGen      total 134656K, used 5608K [0x00000000e0000000, 0x00000000e8d00000, 0x0000000100000000)
  eden space 124928K, 0% used [0x00000000e0000000,0x00000000e0000000,0x00000000e7a00000)
  from space 9728K, 57% used [0x00000000e8380000,0x00000000e88fa240,0x00000000e8d00000)
  to   space 9728K, 0% used [0x00000000e7a00000,0x00000000e7a00000,0x00000000e8380000)
 ParOldGen       total 42496K, used 8194K [0x00000000a0000000, 0x00000000a2980000, 0x00000000e0000000)
  object space 42496K, 19% used [0x00000000a0000000,0x00000000a0800a00,0x00000000a2980000)
 Metaspace       used 20739K, capacity 21194K, committed 21296K, reserved 1067008K
  class space    used 2992K, capacity 3136K, committed 3200K, reserved 1048576K
Event: 6.114 GC heap after
Heap after GC invocations=9 (full 1):
 PSYoungGen      total 134656K, used 0K [0x00000000e0000000, 0x00000000e8d00000, 0x0000000100000000)
  eden space 124928K, 0% used [0x00000000e0000000,0x00000000e0000000,0x00000000e7a00000)
  from space 9728K, 0% used [0x00000000e8380000,0x00000000e8380000,0x00000000e8d00000)
  to   space 9728K, 0% used [0x00000000e7a00000,0x00000000e7a00000,0x00000000e8380000)
 ParOldGen       total 33792K, used 8553K [0x00000000a0000000, 0x00000000a2100000, 0x00000000e0000000)
  object space 33792K, 25% used [0x00000000a0000000,0x00000000a085a788,0x00000000a2100000)
 Metaspace       used 20739K, capacity 21194K, committed 21296K, reserved 1067008K
  class space    used 2992K, capacity 3136K, committed 3200K, reserved 1048576K
}
Event: 9.115 GC heap before
{Heap before GC invocations=10 (full 1):
 PSYoungGen      total 134656K, used 124928K [0x00000000e0000000, 0x00000000e8d00000, 0x0000000100000000)
  eden space 124928K, 100% used [0x00000000e0000000,0x00000000e7a00000,0x00000000e7a00000)
  from space 9728K, 0% used [0x00000000e8380000,0x00000000e8380000,0x00000000e8d00000)
  to   space 9728K, 0% used [0x00000000e7a00000,0x00000000e7a00000,0x00000000e8380000)
 ParOldGen       total 33792K, used 8553K [0x00000000a0000000, 0x00000000a2100000, 0x00000000e0000000)
  object space 33792K, 25% used [0x00000000a0000000,0x00000000a085a788,0x00000000a2100000)
 Metaspace       used 31906K, capacity 32696K, committed 32768K, reserved 1077248K
  class space    used 4307K, capacity 4545K, committed 4608K, reserved 1048576K
Event: 9.130 GC heap after
Heap after GC invocations=10 (full 1):
 PSYoungGen      total 134656K, used 9708K [0x00000000e0000000, 0x00000000ebf80000, 0x0000000100000000)
  eden space 124928K, 0% used [0x00000000e0000000,0x00000000e0000000,0x00000000e7a00000)
  from space 9728K, 99% used [0x00000000e7a00000,0x00000000e837b0b8,0x00000000e8380000)
  to   space 12288K, 0% used [0x00000000eb380000,0x00000000eb380000,0x00000000ebf80000)
 ParOldGen       total 33792K, used 11228K [0x00000000a0000000, 0x00000000a2100000, 0x00000000e0000000)
  object space 33792K, 33% used [0x00000000a0000000,0x00000000a0af71c0,0x00000000a2100000)
 Metaspace       used 31906K, capacity 32696K, committed 32768K, reserved 1077248K
  class space    used 4307K, capacity 4545K, committed 4608K, reserved 1048576K
}

