# JRE version: OpenJDK Runtime Environment (8.0_212-b04) (build 1.8.0_212-release-1586-b04)
# Java VM: OpenJDK 64-Bit Server VM (25.212-b04 mixed mode windows-amd64 compressed oops)
Heap:
 PSYoungGen      total 240128K, used 37444K [0x00000000e0000000, 0x00000000efc00000, 0x0000000100000000)
  eden space 226304K, 10% used [0x00000000e0000000,0x00000000e1715c68,0x00000000edd00000)
  from space 13824K, 99% used [0x00000000edd00000,0x00000000eea7b508,0x00000000eea80000)
  to   space 14336K, 0% used [0x00000000eea80000,0x00000000eea80000,0x00000000ef880000)
 ParOldGen       total 45568K, used 25680K [0x00000000a0000000, 0x00000000a2c80000, 0x00000000e0000000)
  object space 45568K, 56% used [0x00000000a0000000,0x00000000a1914358,0x00000000a2c80000)
 Metaspace       used 53026K, capacity 54544K, committed 54784K, reserved 1097728K
  class space    used 6992K, capacity 7370K, committed 7424K, reserved 1048576K
GC Heap History (10 events):
Event: 8.230 GC heap before
{Heap before GC invocations=7 (full 1):
 PSYoungGen      total 135168K, used 7787K [0x00000000e0000000, 0x00000000e9000000, 0x0000000100000000)
  eden space 125952K, 0% used [0x00000000e0000000,0x00000000e0000000,0x00000000e7b00000)
  from space 9216K, 84% used [0x00000000e8500000,0x00000000e8c9af90,0x00000000e8e00000)
  to   space 10240K, 0% used [0x00000000e7b00000,0x00000000e7b00000,0x00000000e8500000)
 ParOldGen       total 42496K, used 11292K [0x00000000a0000000, 0x00000000a2980000, 0x00000000e0000000)
  object space 42496K, 26% used [0x00000000a0000000,0x00000000a0b07020,0x00000000a2980000)
 Metaspace       used 20725K, capacity 21206K, committed 21296K, reserved 1067008K
  class space    used 2994K, capacity 3136K, committed 3200K, reserved 1048576K
Event: 8.350 GC heap after
Heap after GC invocations=7 (full 1):
 PSYoungGen      total 135168K, used 0K [0x00000000e0000000, 0x00000000e9000000, 0x0000000100000000)
  eden space 125952K, 0% used [0x00000000e0000000,0x00000000e0000000,0x00000000e7b00000)
  from space 9216K, 0% used [0x00000000e8500000,0x00000000e8500000,0x00000000e8e00000)
  to   space 10240K, 0% used [0x00000000e7b00000,0x00000000e7b00000,0x00000000e8500000)
 ParOldGen       total 42496K, used 17045K [0x00000000a0000000, 0x00000000a2980000, 0x00000000e0000000)
  object space 42496K, 40% used [0x00000000a0000000,0x00000000a10a54b0,0x00000000a2980000)
 Metaspace       used 20725K, capacity 21206K, committed 21296K, reserved 1067008K
  class space    used 2994K, capacity 3136K, committed 3200K, reserved 1048576K
}
Event: 11.702 GC heap before
{Heap before GC invocations=8 (full 1):
 PSYoungGen      total 135168K, used 125952K [0x00000000e0000000, 0x00000000e9000000, 0x0000000100000000)
  eden space 125952K, 100% used [0x00000000e0000000,0x00000000e7b00000,0x00000000e7b00000)
  from space 9216K, 0% used [0x00000000e8500000,0x00000000e8500000,0x00000000e8e00000)
  to   space 10240K, 0% used [0x00000000e7b00000,0x00000000e7b00000,0x00000000e8500000)
 ParOldGen       total 42496K, used 17045K [0x00000000a0000000, 0x00000000a2980000, 0x00000000e0000000)
  object space 42496K, 40% used [0x00000000a0000000,0x00000000a10a54b0,0x00000000a2980000)
 Metaspace       used 33313K, capacity 33980K, committed 34176K, reserved 1079296K
  class space    used 4477K, capacity 4692K, committed 4736K, reserved 1048576K
Event: 11.739 GC heap after
Heap after GC invocations=8 (full 1):
 PSYoungGen      total 136192K, used 10231K [0x00000000e0000000, 0x00000000ef880000, 0x0000000100000000)
  eden space 125952K, 0% used [0x00000000e0000000,0x00000000e0000000,0x00000000e7b00000)
  from space 10240K, 99% used [0x00000000e7b00000,0x00000000e84fdef8,0x00000000e8500000)
  to   space 14336K, 0% used [0x00000000eea80000,0x00000000eea80000,0x00000000ef880000)
 ParOldGen       total 42496K, used 21009K [0x00000000a0000000, 0x00000000a2980000, 0x00000000e0000000)
  object space 42496K, 49% used [0x00000000a0000000,0x00000000a1484540,0x00000000a2980000)
 Metaspace       used 33313K, capacity 33980K, committed 34176K, reserved 1079296K
  class space    used 4477K, capacity 4692K, committed 4736K, reserved 1048576K
}
Event: 12.117 GC heap before
{Heap before GC invocations=9 (full 1):
 PSYoungGen      total 136192K, used 32742K [0x00000000e0000000, 0x00000000ef880000, 0x0000000100000000)
  eden space 125952K, 17% used [0x00000000e0000000,0x00000000e15fbb00,0x00000000e7b00000)
  from space 10240K, 99% used [0x00000000e7b00000,0x00000000e84fdef8,0x00000000e8500000)
  to   space 14336K, 0% used [0x00000000eea80000,0x00000000eea80000,0x00000000ef880000)
 ParOldGen       total 42496K, used 21009K [0x00000000a0000000, 0x00000000a2980000, 0x00000000e0000000)
  object space 42496K, 49% used [0x00000000a0000000,0x00000000a1484540,0x00000000a2980000)
 Metaspace       used 34647K, capacity 35436K, committed 35496K, reserved 1079296K
  class space    used 4575K, capacity 4811K, committed 4864K, reserved 1048576K
Event: 12.165 GC heap after
Heap after GC invocations=9 (full 1):
 PSYoungGen      total 240640K, used 7881K [0x00000000e0000000, 0x00000000efc00000, 0x0000000100000000)
  eden space 226304K, 0% used [0x00000000e0000000,0x00000000e0000000,0x00000000edd00000)
  from space 14336K, 54% used [0x00000000eea80000,0x00000000ef232580,0x00000000ef880000)
  to   space 13824K, 0% used [0x00000000edd00000,0x00000000edd00000,0x00000000eea80000)
 ParOldGen       total 42496K, used 21017K [0x00000000a0000000, 0x00000000a2980000, 0x00000000e0000000)
  object space 42496K, 49% used [0x00000000a0000000,0x00000000a1486540,0x00000000a2980000)
 Metaspace       used 34647K, capacity 35436K, committed 35496K, reserved 1079296K
  class space    used 4575K, capacity 4811K, committed 4864K, reserved 1048576K
}
Event: 12.165 GC heap before
{Heap before GC invocations=10 (full 2):
 PSYoungGen      total 240640K, used 7881K [0x00000000e0000000, 0x00000000efc00000, 0x0000000100000000)
  eden space 226304K, 0% used [0x00000000e0000000,0x00000000e0000000,0x00000000edd00000)
  from space 14336K, 54% used [0x00000000eea80000,0x00000000ef232580,0x00000000ef880000)
  to   space 13824K, 0% used [0x00000000edd00000,0x00000000edd00000,0x00000000eea80000)
 ParOldGen       total 42496K, used 21017K [0x00000000a0000000, 0x00000000a2980000, 0x00000000e0000000)
  object space 42496K, 49% used [0x00000000a0000000,0x00000000a1486540,0x00000000a2980000)
 Metaspace       used 34647K, capacity 35436K, committed 35496K, reserved 1079296K
  class space    used 4575K, capacity 4811K, committed 4864K, reserved 1048576K
Event: 12.261 GC heap after
Heap after GC invocations=10 (full 2):
 PSYoungGen      total 240640K, used 0K [0x00000000e0000000, 0x00000000efc00000, 0x0000000100000000)
  eden space 226304K, 0% used [0x00000000e0000000,0x00000000e0000000,0x00000000edd00000)
  from space 14336K, 0% used [0x00000000eea80000,0x00000000eea80000,0x00000000ef880000)
  to   space 13824K, 0% used [0x00000000edd00000,0x00000000edd00000,0x00000000eea80000)
 ParOldGen       total 45568K, used 15151K [0x00000000a0000000, 0x00000000a2c80000, 0x00000000e0000000)
  object space 45568K, 33% used [0x00000000a0000000,0x00000000a0ecbc50,0x00000000a2c80000)
 Metaspace       used 34601K, capacity 35332K, committed 35496K, reserved 1079296K
  class space    used 4564K, capacity 4799K, committed 4864K, reserved 1048576K
}
Event: 24.885 GC heap before
{Heap before GC invocations=11 (full 2):
 PSYoungGen      total 240640K, used 226304K [0x00000000e0000000, 0x00000000efc00000, 0x0000000100000000)
  eden space 226304K, 100% used [0x00000000e0000000,0x00000000edd00000,0x00000000edd00000)
  from space 14336K, 0% used [0x00000000eea80000,0x00000000eea80000,0x00000000ef880000)
  to   space 13824K, 0% used [0x00000000edd00000,0x00000000edd00000,0x00000000eea80000)
 ParOldGen       total 45568K, used 15151K [0x00000000a0000000, 0x00000000a2c80000, 0x00000000e0000000)
  object space 45568K, 33% used [0x00000000a0000000,0x00000000a0ecbc50,0x00000000a2c80000)
 Metaspace       used 51850K, capacity 53146K, committed 53248K, reserved 1095680K
  class space    used 6808K, capacity 7140K, committed 7168K, reserved 1048576K
Event: 24.918 GC heap after
Heap after GC invocations=11 (full 2):
 PSYoungGen      total 240128K, used 13805K [0x00000000e0000000, 0x00000000efc00000, 0x0000000100000000)
  eden space 226304K, 0% used [0x00000000e0000000,0x00000000e0000000,0x00000000edd00000)
  from space 13824K, 99% used [0x00000000edd00000,0x00000000eea7b508,0x00000000eea80000)
  to   space 14336K, 0% used [0x00000000eea80000,0x00000000eea80000,0x00000000ef880000)
 ParOldGen       total 45568K, used 25680K [0x00000000a0000000, 0x00000000a2c80000, 0x00000000e0000000)
  object space 45568K, 56% used [0x00000000a0000000,0x00000000a1914358,0x00000000a2c80000)
 Metaspace       used 51850K, capacity 53146K, committed 53248K, reserved 1095680K
  class space    used 6808K, capacity 7140K, committed 7168K, reserved 1048576K
}

