# JRE version: OpenJDK Runtime Environment (8.0_212-b04) (build 1.8.0_212-release-1586-b04)
# Java VM: OpenJDK 64-Bit Server VM (25.212-b04 mixed mode windows-amd64 compressed oops)
Heap:
 PSYoungGen      total 188928K, used 97381K [0x00000000e0000000, 0x00000000ec800000, 0x0000000100000000)
  eden space 178176K, 54% used [0x00000000e0000000,0x00000000e5f19570,0x00000000eae00000)
  from space 10752K, 0% used [0x00000000ebd80000,0x00000000ebd80000,0x00000000ec800000)
  to   space 13312K, 0% used [0x00000000eae00000,0x00000000eae00000,0x00000000ebb00000)
 ParOldGen       total 73728K, used 31495K [0x00000000a0000000, 0x00000000a4800000, 0x00000000e0000000)
  object space 73728K, 42% used [0x00000000a0000000,0x00000000a1ec1cc8,0x00000000a4800000)
 Metaspace       used 61536K, capacity 63624K, committed 63872K, reserved 1103872K
  class space    used 8241K, capacity 8715K, committed 8832K, reserved 1048576K
GC Heap History (10 events):
Event: 19.393 GC heap before
{Heap before GC invocations=11 (full 1):
 PSYoungGen      total 134144K, used 79228K [0x00000000e0000000, 0x00000000ec900000, 0x0000000100000000)
  eden space 124928K, 56% used [0x00000000e0000000,0x00000000e4464aa0,0x00000000e7a00000)
  from space 9216K, 99% used [0x00000000e7a00000,0x00000000e82fa760,0x00000000e8300000)
  to   space 11776K, 0% used [0x00000000ebd80000,0x00000000ebd80000,0x00000000ec900000)
 ParOldGen       total 31232K, used 10659K [0x00000000a0000000, 0x00000000a1e80000, 0x00000000e0000000)
  object space 31232K, 34% used [0x00000000a0000000,0x00000000a0a68db8,0x00000000a1e80000)
 Metaspace       used 34643K, capacity 35384K, committed 35456K, reserved 1079296K
  class space    used 4752K, capacity 4939K, committed 4992K, reserved 1048576K
Event: 19.435 GC heap after
Heap after GC invocations=11 (full 1):
 PSYoungGen      total 188928K, used 10648K [0x00000000e0000000, 0x00000000ec800000, 0x0000000100000000)
  eden space 178176K, 0% used [0x00000000e0000000,0x00000000e0000000,0x00000000eae00000)
  from space 10752K, 99% used [0x00000000ebd80000,0x00000000ec7e63c8,0x00000000ec800000)
  to   space 13312K, 0% used [0x00000000eae00000,0x00000000eae00000,0x00000000ebb00000)
 ParOldGen       total 31232K, used 10667K [0x00000000a0000000, 0x00000000a1e80000, 0x00000000e0000000)
  object space 31232K, 34% used [0x00000000a0000000,0x00000000a0a6adb8,0x00000000a1e80000)
 Metaspace       used 34643K, capacity 35384K, committed 35456K, reserved 1079296K
  class space    used 4752K, capacity 4939K, committed 4992K, reserved 1048576K
}
Event: 19.435 GC heap before
{Heap before GC invocations=12 (full 2):
 PSYoungGen      total 188928K, used 10648K [0x00000000e0000000, 0x00000000ec800000, 0x0000000100000000)
  eden space 178176K, 0% used [0x00000000e0000000,0x00000000e0000000,0x00000000eae00000)
  from space 10752K, 99% used [0x00000000ebd80000,0x00000000ec7e63c8,0x00000000ec800000)
  to   space 13312K, 0% used [0x00000000eae00000,0x00000000eae00000,0x00000000ebb00000)
 ParOldGen       total 31232K, used 10667K [0x00000000a0000000, 0x00000000a1e80000, 0x00000000e0000000)
  object space 31232K, 34% used [0x00000000a0000000,0x00000000a0a6adb8,0x00000000a1e80000)
 Metaspace       used 34643K, capacity 35384K, committed 35456K, reserved 1079296K
  class space    used 4752K, capacity 4939K, committed 4992K, reserved 1048576K
Event: 19.613 GC heap after
Heap after GC invocations=12 (full 2):
 PSYoungGen      total 188928K, used 0K [0x00000000e0000000, 0x00000000ec800000, 0x0000000100000000)
  eden space 178176K, 0% used [0x00000000e0000000,0x00000000e0000000,0x00000000eae00000)
  from space 10752K, 0% used [0x00000000ebd80000,0x00000000ebd80000,0x00000000ec800000)
  to   space 13312K, 0% used [0x00000000eae00000,0x00000000eae00000,0x00000000ebb00000)
 ParOldGen       total 47104K, used 17523K [0x00000000a0000000, 0x00000000a2e00000, 0x00000000e0000000)
  object space 47104K, 37% used [0x00000000a0000000,0x00000000a111cf38,0x00000000a2e00000)
 Metaspace       used 34640K, capacity 35372K, committed 35456K, reserved 1079296K
  class space    used 4751K, capacity 4937K, committed 4992K, reserved 1048576K
}
Event: 30.255 GC heap before
{Heap before GC invocations=13 (full 2):
 PSYoungGen      total 188928K, used 178176K [0x00000000e0000000, 0x00000000ec800000, 0x0000000100000000)
  eden space 178176K, 100% used [0x00000000e0000000,0x00000000eae00000,0x00000000eae00000)
  from space 10752K, 0% used [0x00000000ebd80000,0x00000000ebd80000,0x00000000ec800000)
  to   space 13312K, 0% used [0x00000000eae00000,0x00000000eae00000,0x00000000ebb00000)
 ParOldGen       total 47104K, used 17523K [0x00000000a0000000, 0x00000000a2e00000, 0x00000000e0000000)
  object space 47104K, 37% used [0x00000000a0000000,0x00000000a111cf38,0x00000000a2e00000)
 Metaspace       used 51182K, capacity 52772K, committed 52992K, reserved 1095680K
  class space    used 6981K, capacity 7379K, committed 7424K, reserved 1048576K
Event: 30.290 GC heap after
Heap after GC invocations=13 (full 2):
 PSYoungGen      total 191488K, used 13303K [0x00000000e0000000, 0x00000000ec800000, 0x0000000100000000)
  eden space 178176K, 0% used [0x00000000e0000000,0x00000000e0000000,0x00000000eae00000)
  from space 13312K, 99% used [0x00000000eae00000,0x00000000ebafdce0,0x00000000ebb00000)
  to   space 10752K, 0% used [0x00000000ebd80000,0x00000000ebd80000,0x00000000ec800000)
 ParOldGen       total 47104K, used 26008K [0x00000000a0000000, 0x00000000a2e00000, 0x00000000e0000000)
  object space 47104K, 55% used [0x00000000a0000000,0x00000000a1966138,0x00000000a2e00000)
 Metaspace       used 51182K, capacity 52772K, committed 52992K, reserved 1095680K
  class space    used 6981K, capacity 7379K, committed 7424K, reserved 1048576K
}
Event: 49.099 GC heap before
{Heap before GC invocations=14 (full 2):
 PSYoungGen      total 191488K, used 98011K [0x00000000e0000000, 0x00000000ec800000, 0x0000000100000000)
  eden space 178176K, 47% used [0x00000000e0000000,0x00000000e52b9098,0x00000000eae00000)
  from space 13312K, 99% used [0x00000000eae00000,0x00000000ebafdce0,0x00000000ebb00000)
  to   space 10752K, 0% used [0x00000000ebd80000,0x00000000ebd80000,0x00000000ec800000)
 ParOldGen       total 47104K, used 26008K [0x00000000a0000000, 0x00000000a2e00000, 0x00000000e0000000)
  object space 47104K, 55% used [0x00000000a0000000,0x00000000a1966138,0x00000000a2e00000)
 Metaspace       used 57420K, capacity 59064K, committed 59096K, reserved 1099776K
  class space    used 7662K, capacity 8035K, committed 8064K, reserved 1048576K
Event: 49.159 GC heap after
Heap after GC invocations=14 (full 2):
 PSYoungGen      total 188928K, used 8803K [0x00000000e0000000, 0x00000000ec800000, 0x0000000100000000)
  eden space 178176K, 0% used [0x00000000e0000000,0x00000000e0000000,0x00000000eae00000)
  from space 10752K, 81% used [0x00000000ebd80000,0x00000000ec618de0,0x00000000ec800000)
  to   space 13312K, 0% used [0x00000000eae00000,0x00000000eae00000,0x00000000ebb00000)
 ParOldGen       total 47104K, used 36686K [0x00000000a0000000, 0x00000000a2e00000, 0x00000000e0000000)
  object space 47104K, 77% used [0x00000000a0000000,0x00000000a23d3a10,0x00000000a2e00000)
 Metaspace       used 57420K, capacity 59064K, committed 59096K, reserved 1099776K
  class space    used 7662K, capacity 8035K, committed 8064K, reserved 1048576K
}
Event: 49.159 GC heap before
{Heap before GC invocations=15 (full 3):
 PSYoungGen      total 188928K, used 8803K [0x00000000e0000000, 0x00000000ec800000, 0x0000000100000000)
  eden space 178176K, 0% used [0x00000000e0000000,0x00000000e0000000,0x00000000eae00000)
  from space 10752K, 81% used [0x00000000ebd80000,0x00000000ec618de0,0x00000000ec800000)
  to   space 13312K, 0% used [0x00000000eae00000,0x00000000eae00000,0x00000000ebb00000)
 ParOldGen       total 47104K, used 36686K [0x00000000a0000000, 0x00000000a2e00000, 0x00000000e0000000)
  object space 47104K, 77% used [0x00000000a0000000,0x00000000a23d3a10,0x00000000a2e00000)
 Metaspace       used 57420K, capacity 59064K, committed 59096K, reserved 1099776K
  class space    used 7662K, capacity 8035K, committed 8064K, reserved 1048576K
Event: 49.734 GC heap after
Heap after GC invocations=15 (full 3):
 PSYoungGen      total 188928K, used 0K [0x00000000e0000000, 0x00000000ec800000, 0x0000000100000000)
  eden space 178176K, 0% used [0x00000000e0000000,0x00000000e0000000,0x00000000eae00000)
  from space 10752K, 0% used [0x00000000ebd80000,0x00000000ebd80000,0x00000000ec800000)
  to   space 13312K, 0% used [0x00000000eae00000,0x00000000eae00000,0x00000000ebb00000)
 ParOldGen       total 73728K, used 31495K [0x00000000a0000000, 0x00000000a4800000, 0x00000000e0000000)
  object space 73728K, 42% used [0x00000000a0000000,0x00000000a1ec1cc8,0x00000000a4800000)
 Metaspace       used 57420K, capacity 59064K, committed 59096K, reserved 1099776K
  class space    used 7662K, capacity 8035K, committed 8064K, reserved 1048576K
}

