# JRE version: OpenJDK Runtime Environment (8.0_212-b04) (build 1.8.0_212-release-1586-b04)
# Java VM: OpenJDK 64-Bit Server VM (25.212-b04 mixed mode windows-amd64 compressed oops)
Heap:
 PSYoungGen      total 186368K, used 17000K [0x00000000e0000000, 0x00000000ec700000, 0x0000000100000000)
  eden space 172544K, 1% used [0x00000000e0000000,0x00000000e031ec08,0x00000000ea880000)
  from space 13824K, 99% used [0x00000000ea880000,0x00000000eb5fb798,0x00000000eb600000)
  to   space 12288K, 0% used [0x00000000eb600000,0x00000000eb600000,0x00000000ec200000)
 ParOldGen       total 52736K, used 25198K [0x00000000a0000000, 0x00000000a3380000, 0x00000000e0000000)
  object space 52736K, 47% used [0x00000000a0000000,0x00000000a189bb70,0x00000000a3380000)
 Metaspace       used 49870K, capacity 51460K, committed 51752K, reserved 1093632K
  class space    used 6698K, capacity 7114K, committed 7208K, reserved 1048576K
GC Heap History (10 events):
Event: 7.331 GC heap before
{Heap before GC invocations=9 (full 1):
 PSYoungGen      total 134656K, used 5668K [0x00000000e0000000, 0x00000000e8d00000, 0x0000000100000000)
  eden space 124928K, 0% used [0x00000000e0000000,0x00000000e0000000,0x00000000e7a00000)
  from space 9728K, 58% used [0x00000000e8380000,0x00000000e8909220,0x00000000e8d00000)
  to   space 9728K, 0% used [0x00000000e7a00000,0x00000000e7a00000,0x00000000e8380000)
 ParOldGen       total 42496K, used 8301K [0x00000000a0000000, 0x00000000a2980000, 0x00000000e0000000)
  object space 42496K, 19% used [0x00000000a0000000,0x00000000a081b530,0x00000000a2980000)
 Metaspace       used 20723K, capacity 21194K, committed 21296K, reserved 1067008K
  class space    used 2988K, capacity 3136K, committed 3200K, reserved 1048576K
Event: 7.415 GC heap after
Heap after GC invocations=9 (full 1):
 PSYoungGen      total 134656K, used 0K [0x00000000e0000000, 0x00000000e8d00000, 0x0000000100000000)
  eden space 124928K, 0% used [0x00000000e0000000,0x00000000e0000000,0x00000000e7a00000)
  from space 9728K, 0% used [0x00000000e8380000,0x00000000e8380000,0x00000000e8d00000)
  to   space 9728K, 0% used [0x00000000e7a00000,0x00000000e7a00000,0x00000000e8380000)
 ParOldGen       total 33280K, used 8522K [0x00000000a0000000, 0x00000000a2080000, 0x00000000e0000000)
  object space 33280K, 25% used [0x00000000a0000000,0x00000000a0852a78,0x00000000a2080000)
 Metaspace       used 20723K, capacity 21194K, committed 21296K, reserved 1067008K
  class space    used 2988K, capacity 3136K, committed 3200K, reserved 1048576K
}
Event: 10.069 GC heap before
{Heap before GC invocations=10 (full 1):
 PSYoungGen      total 134656K, used 124928K [0x00000000e0000000, 0x00000000e8d00000, 0x0000000100000000)
  eden space 124928K, 100% used [0x00000000e0000000,0x00000000e7a00000,0x00000000e7a00000)
  from space 9728K, 0% used [0x00000000e8380000,0x00000000e8380000,0x00000000e8d00000)
  to   space 9728K, 0% used [0x00000000e7a00000,0x00000000e7a00000,0x00000000e8380000)
 ParOldGen       total 33280K, used 8522K [0x00000000a0000000, 0x00000000a2080000, 0x00000000e0000000)
  object space 33280K, 25% used [0x00000000a0000000,0x00000000a0852a78,0x00000000a2080000)
 Metaspace       used 31812K, capacity 32568K, committed 32768K, reserved 1077248K
  class space    used 4292K, capacity 4545K, committed 4608K, reserved 1048576K
Event: 10.094 GC heap after
Heap after GC invocations=10 (full 1):
 PSYoungGen      total 134656K, used 9726K [0x00000000e0000000, 0x00000000ec200000, 0x0000000100000000)
  eden space 124928K, 0% used [0x00000000e0000000,0x00000000e0000000,0x00000000e7a00000)
  from space 9728K, 99% used [0x00000000e7a00000,0x00000000e837fa10,0x00000000e8380000)
  to   space 12288K, 0% used [0x00000000eb600000,0x00000000eb600000,0x00000000ec200000)
 ParOldGen       total 33280K, used 11044K [0x00000000a0000000, 0x00000000a2080000, 0x00000000e0000000)
  object space 33280K, 33% used [0x00000000a0000000,0x00000000a0ac9390,0x00000000a2080000)
 Metaspace       used 31812K, capacity 32568K, committed 32768K, reserved 1077248K
  class space    used 4292K, capacity 4545K, committed 4608K, reserved 1048576K
}
Event: 11.157 GC heap before
{Heap before GC invocations=11 (full 1):
 PSYoungGen      total 134656K, used 76349K [0x00000000e0000000, 0x00000000ec200000, 0x0000000100000000)
  eden space 124928K, 53% used [0x00000000e0000000,0x00000000e410fcd8,0x00000000e7a00000)
  from space 9728K, 99% used [0x00000000e7a00000,0x00000000e837fa10,0x00000000e8380000)
  to   space 12288K, 0% used [0x00000000eb600000,0x00000000eb600000,0x00000000ec200000)
 ParOldGen       total 33280K, used 11044K [0x00000000a0000000, 0x00000000a2080000, 0x00000000e0000000)
  object space 33280K, 33% used [0x00000000a0000000,0x00000000a0ac9390,0x00000000a2080000)
 Metaspace       used 34713K, capacity 35438K, committed 35496K, reserved 1079296K
  class space    used 4779K, capacity 5026K, committed 5032K, reserved 1048576K
Event: 11.190 GC heap after
Heap after GC invocations=11 (full 1):
 PSYoungGen      total 184832K, used 11441K [0x00000000e0000000, 0x00000000ec700000, 0x0000000100000000)
  eden space 172544K, 0% used [0x00000000e0000000,0x00000000e0000000,0x00000000ea880000)
  from space 12288K, 93% used [0x00000000eb600000,0x00000000ec12c650,0x00000000ec200000)
  to   space 13824K, 0% used [0x00000000ea880000,0x00000000ea880000,0x00000000eb600000)
 ParOldGen       total 33280K, used 11052K [0x00000000a0000000, 0x00000000a2080000, 0x00000000e0000000)
  object space 33280K, 33% used [0x00000000a0000000,0x00000000a0acb390,0x00000000a2080000)
 Metaspace       used 34713K, capacity 35438K, committed 35496K, reserved 1079296K
  class space    used 4779K, capacity 5026K, committed 5032K, reserved 1048576K
}
Event: 11.190 GC heap before
{Heap before GC invocations=12 (full 2):
 PSYoungGen      total 184832K, used 11441K [0x00000000e0000000, 0x00000000ec700000, 0x0000000100000000)
  eden space 172544K, 0% used [0x00000000e0000000,0x00000000e0000000,0x00000000ea880000)
  from space 12288K, 93% used [0x00000000eb600000,0x00000000ec12c650,0x00000000ec200000)
  to   space 13824K, 0% used [0x00000000ea880000,0x00000000ea880000,0x00000000eb600000)
 ParOldGen       total 33280K, used 11052K [0x00000000a0000000, 0x00000000a2080000, 0x00000000e0000000)
  object space 33280K, 33% used [0x00000000a0000000,0x00000000a0acb390,0x00000000a2080000)
 Metaspace       used 34713K, capacity 35438K, committed 35496K, reserved 1079296K
  class space    used 4779K, capacity 5026K, committed 5032K, reserved 1048576K
Event: 11.280 GC heap after
Heap after GC invocations=12 (full 2):
 PSYoungGen      total 184832K, used 0K [0x00000000e0000000, 0x00000000ec700000, 0x0000000100000000)
  eden space 172544K, 0% used [0x00000000e0000000,0x00000000e0000000,0x00000000ea880000)
  from space 12288K, 0% used [0x00000000eb600000,0x00000000eb600000,0x00000000ec200000)
  to   space 13824K, 0% used [0x00000000ea880000,0x00000000ea880000,0x00000000eb600000)
 ParOldGen       total 52736K, used 18532K [0x00000000a0000000, 0x00000000a3380000, 0x00000000e0000000)
  object space 52736K, 35% used [0x00000000a0000000,0x00000000a1219270,0x00000000a3380000)
 Metaspace       used 34713K, capacity 35438K, committed 35496K, reserved 1079296K
  class space    used 4779K, capacity 5026K, committed 5032K, reserved 1048576K
}
Event: 23.412 GC heap before
{Heap before GC invocations=13 (full 2):
 PSYoungGen      total 184832K, used 172544K [0x00000000e0000000, 0x00000000ec700000, 0x0000000100000000)
  eden space 172544K, 100% used [0x00000000e0000000,0x00000000ea880000,0x00000000ea880000)
  from space 12288K, 0% used [0x00000000eb600000,0x00000000eb600000,0x00000000ec200000)
  to   space 13824K, 0% used [0x00000000ea880000,0x00000000ea880000,0x00000000eb600000)
 ParOldGen       total 52736K, used 18532K [0x00000000a0000000, 0x00000000a3380000, 0x00000000e0000000)
  object space 52736K, 35% used [0x00000000a0000000,0x00000000a1219270,0x00000000a3380000)
 Metaspace       used 49675K, capacity 51224K, committed 51368K, reserved 1093632K
  class space    used 6664K, capacity 7080K, committed 7080K, reserved 1048576K
Event: 23.455 GC heap after
Heap after GC invocations=13 (full 2):
 PSYoungGen      total 186368K, used 13805K [0x00000000e0000000, 0x00000000ec700000, 0x0000000100000000)
  eden space 172544K, 0% used [0x00000000e0000000,0x00000000e0000000,0x00000000ea880000)
  from space 13824K, 99% used [0x00000000ea880000,0x00000000eb5fb798,0x00000000eb600000)
  to   space 12288K, 0% used [0x00000000eb600000,0x00000000eb600000,0x00000000ec200000)
 ParOldGen       total 52736K, used 25198K [0x00000000a0000000, 0x00000000a3380000, 0x00000000e0000000)
  object space 52736K, 47% used [0x00000000a0000000,0x00000000a189bb70,0x00000000a3380000)
 Metaspace       used 49675K, capacity 51224K, committed 51368K, reserved 1093632K
  class space    used 6664K, capacity 7080K, committed 7080K, reserved 1048576K
}

