# JRE version: OpenJDK Runtime Environment (8.0_212-b04) (build 1.8.0_212-release-1586-b04)
# Java VM: OpenJDK 64-Bit Server VM (25.212-b04 mixed mode windows-amd64 compressed oops)
Heap:
 PSYoungGen      total 130560K, used 2198K [0x00000000e0000000, 0x00000000ebf80000, 0x0000000100000000)
  eden space 120832K, 1% used [0x00000000e0000000,0x00000000e0225a80,0x00000000e7600000)
  from space 9728K, 0% used [0x00000000e8380000,0x00000000e8380000,0x00000000e8d00000)
  to   space 13824K, 0% used [0x00000000e7600000,0x00000000e7600000,0x00000000e8380000)
 ParOldGen       total 35328K, used 18431K [0x00000000a0000000, 0x00000000a2280000, 0x00000000e0000000)
  object space 35328K, 52% used [0x00000000a0000000,0x00000000a11ffc98,0x00000000a2280000)
 Metaspace       used 34766K, capacity 35508K, committed 35752K, reserved 1079296K
  class space    used 4790K, capacity 5027K, committed 5032K, reserved 1048576K
GC Heap History (10 events):
Event: 5.830 GC heap after
Heap after GC invocations=7 (full 0):
 PSYoungGen      total 69632K, used 7144K [0x00000000e0000000, 0x00000000e8d00000, 0x0000000100000000)
  eden space 62464K, 0% used [0x00000000e0000000,0x00000000e0000000,0x00000000e3d00000)
  from space 7168K, 99% used [0x00000000e3d00000,0x00000000e43fa250,0x00000000e4400000)
  to   space 9728K, 0% used [0x00000000e8380000,0x00000000e8380000,0x00000000e8d00000)
 ParOldGen       total 42496K, used 7551K [0x00000000a0000000, 0x00000000a2980000, 0x00000000e0000000)
  object space 42496K, 17% used [0x00000000a0000000,0x00000000a075fc90,0x00000000a2980000)
 Metaspace       used 19382K, capacity 19930K, committed 20224K, reserved 1067008K
  class space    used 2797K, capacity 2971K, committed 3072K, reserved 1048576K
}
Event: 6.358 GC heap before
{Heap before GC invocations=8 (full 0):
 PSYoungGen      total 69632K, used 19150K [0x00000000e0000000, 0x00000000e8d00000, 0x0000000100000000)
  eden space 62464K, 19% used [0x00000000e0000000,0x00000000e0bb9970,0x00000000e3d00000)
  from space 7168K, 99% used [0x00000000e3d00000,0x00000000e43fa250,0x00000000e4400000)
  to   space 9728K, 0% used [0x00000000e8380000,0x00000000e8380000,0x00000000e8d00000)
 ParOldGen       total 42496K, used 7551K [0x00000000a0000000, 0x00000000a2980000, 0x00000000e0000000)
  object space 42496K, 17% used [0x00000000a0000000,0x00000000a075fc90,0x00000000a2980000)
 Metaspace       used 20732K, capacity 21198K, committed 21296K, reserved 1067008K
  class space    used 2993K, capacity 3136K, committed 3200K, reserved 1048576K
Event: 6.382 GC heap after
Heap after GC invocations=8 (full 0):
 PSYoungGen      total 134656K, used 5654K [0x00000000e0000000, 0x00000000e8d00000, 0x0000000100000000)
  eden space 124928K, 0% used [0x00000000e0000000,0x00000000e0000000,0x00000000e7a00000)
  from space 9728K, 58% used [0x00000000e8380000,0x00000000e8905a08,0x00000000e8d00000)
  to   space 9728K, 0% used [0x00000000e7a00000,0x00000000e7a00000,0x00000000e8380000)
 ParOldGen       total 42496K, used 8031K [0x00000000a0000000, 0x00000000a2980000, 0x00000000e0000000)
  object space 42496K, 18% used [0x00000000a0000000,0x00000000a07d7c90,0x00000000a2980000)
 Metaspace       used 20732K, capacity 21198K, committed 21296K, reserved 1067008K
  class space    used 2993K, capacity 3136K, committed 3200K, reserved 1048576K
}
Event: 6.382 GC heap before
{Heap before GC invocations=9 (full 1):
 PSYoungGen      total 134656K, used 5654K [0x00000000e0000000, 0x00000000e8d00000, 0x0000000100000000)
  eden space 124928K, 0% used [0x00000000e0000000,0x00000000e0000000,0x00000000e7a00000)
  from space 9728K, 58% used [0x00000000e8380000,0x00000000e8905a08,0x00000000e8d00000)
  to   space 9728K, 0% used [0x00000000e7a00000,0x00000000e7a00000,0x00000000e8380000)
 ParOldGen       total 42496K, used 8031K [0x00000000a0000000, 0x00000000a2980000, 0x00000000e0000000)
  object space 42496K, 18% used [0x00000000a0000000,0x00000000a07d7c90,0x00000000a2980000)
 Metaspace       used 20732K, capacity 21198K, committed 21296K, reserved 1067008K
  class space    used 2993K, capacity 3136K, committed 3200K, reserved 1048576K
Event: 6.494 GC heap after
Heap after GC invocations=9 (full 1):
 PSYoungGen      total 134656K, used 0K [0x00000000e0000000, 0x00000000e8d00000, 0x0000000100000000)
  eden space 124928K, 0% used [0x00000000e0000000,0x00000000e0000000,0x00000000e7a00000)
  from space 9728K, 0% used [0x00000000e8380000,0x00000000e8380000,0x00000000e8d00000)
  to   space 9728K, 0% used [0x00000000e7a00000,0x00000000e7a00000,0x00000000e8380000)
 ParOldGen       total 35328K, used 8555K [0x00000000a0000000, 0x00000000a2280000, 0x00000000e0000000)
  object space 35328K, 24% used [0x00000000a0000000,0x00000000a085ac48,0x00000000a2280000)
 Metaspace       used 20732K, capacity 21198K, committed 21296K, reserved 1067008K
  class space    used 2993K, capacity 3136K, committed 3200K, reserved 1048576K
}
Event: 9.818 GC heap before
{Heap before GC invocations=10 (full 1):
 PSYoungGen      total 134656K, used 124928K [0x00000000e0000000, 0x00000000e8d00000, 0x0000000100000000)
  eden space 124928K, 100% used [0x00000000e0000000,0x00000000e7a00000,0x00000000e7a00000)
  from space 9728K, 0% used [0x00000000e8380000,0x00000000e8380000,0x00000000e8d00000)
  to   space 9728K, 0% used [0x00000000e7a00000,0x00000000e7a00000,0x00000000e8380000)
 ParOldGen       total 35328K, used 8555K [0x00000000a0000000, 0x00000000a2280000, 0x00000000e0000000)
  object space 35328K, 24% used [0x00000000a0000000,0x00000000a085ac48,0x00000000a2280000)
 Metaspace       used 31840K, capacity 32508K, committed 32768K, reserved 1077248K
  class space    used 4293K, capacity 4545K, committed 4608K, reserved 1048576K
Event: 9.860 GC heap after
Heap after GC invocations=10 (full 1):
 PSYoungGen      total 134656K, used 9707K [0x00000000e0000000, 0x00000000e8d00000, 0x0000000100000000)
  eden space 124928K, 0% used [0x00000000e0000000,0x00000000e0000000,0x00000000e7a00000)
  from space 9728K, 99% used [0x00000000e7a00000,0x00000000e837af88,0x00000000e8380000)
  to   space 9728K, 0% used [0x00000000e8380000,0x00000000e8380000,0x00000000e8d00000)
 ParOldGen       total 35328K, used 11067K [0x00000000a0000000, 0x00000000a2280000, 0x00000000e0000000)
  object space 35328K, 31% used [0x00000000a0000000,0x00000000a0acede0,0x00000000a2280000)
 Metaspace       used 31840K, capacity 32508K, committed 32768K, reserved 1077248K
  class space    used 4293K, capacity 4545K, committed 4608K, reserved 1048576K
}
Event: 10.906 GC heap before
{Heap before GC invocations=11 (full 1):
 PSYoungGen      total 134656K, used 76132K [0x00000000e0000000, 0x00000000e8d00000, 0x0000000100000000)
  eden space 124928K, 53% used [0x00000000e0000000,0x00000000e40de328,0x00000000e7a00000)
  from space 9728K, 99% used [0x00000000e7a00000,0x00000000e837af88,0x00000000e8380000)
  to   space 9728K, 0% used [0x00000000e8380000,0x00000000e8380000,0x00000000e8d00000)
 ParOldGen       total 35328K, used 11067K [0x00000000a0000000, 0x00000000a2280000, 0x00000000e0000000)
  object space 35328K, 31% used [0x00000000a0000000,0x00000000a0acede0,0x00000000a2280000)
 Metaspace       used 34709K, capacity 35442K, committed 35496K, reserved 1079296K
  class space    used 4781K, capacity 5026K, committed 5032K, reserved 1048576K
Event: 10.942 GC heap after
Heap after GC invocations=11 (full 1):
 PSYoungGen      total 130560K, used 9716K [0x00000000e0000000, 0x00000000ebf80000, 0x0000000100000000)
  eden space 120832K, 0% used [0x00000000e0000000,0x00000000e0000000,0x00000000e7600000)
  from space 9728K, 99% used [0x00000000e8380000,0x00000000e8cfd290,0x00000000e8d00000)
  to   space 13824K, 0% used [0x00000000e7600000,0x00000000e7600000,0x00000000e8380000)
 ParOldGen       total 35328K, used 12709K [0x00000000a0000000, 0x00000000a2280000, 0x00000000e0000000)
  object space 35328K, 35% used [0x00000000a0000000,0x00000000a0c69430,0x00000000a2280000)
 Metaspace       used 34709K, capacity 35442K, committed 35496K, reserved 1079296K
  class space    used 4781K, capacity 5026K, committed 5032K, reserved 1048576K
}
Event: 10.942 GC heap before
{Heap before GC invocations=12 (full 2):
 PSYoungGen      total 130560K, used 9716K [0x00000000e0000000, 0x00000000ebf80000, 0x0000000100000000)
  eden space 120832K, 0% used [0x00000000e0000000,0x00000000e0000000,0x00000000e7600000)
  from space 9728K, 99% used [0x00000000e8380000,0x00000000e8cfd290,0x00000000e8d00000)
  to   space 13824K, 0% used [0x00000000e7600000,0x00000000e7600000,0x00000000e8380000)
 ParOldGen       total 35328K, used 12709K [0x00000000a0000000, 0x00000000a2280000, 0x00000000e0000000)
  object space 35328K, 35% used [0x00000000a0000000,0x00000000a0c69430,0x00000000a2280000)
 Metaspace       used 34709K, capacity 35442K, committed 35496K, reserved 1079296K
  class space    used 4781K, capacity 5026K, committed 5032K, reserved 1048576K

